<!DOCTYPE html>

<html>
  <head>
  <meta charset='utf-8'>
  <title>TestNG reports</title>

    <link type="text/css" href="testng-reports1.css" rel="stylesheet" id="ultra" />
    <link type="text/css" href="testng-reports.css" rel="stylesheet" id="retro" disabled="false"/>
    <script type="text/javascript" src="jquery-3.4.1.min.js"></script>
    <script type="text/javascript" src="testng-reports.js"></script>
    <script type="text/javascript" src="https://www.google.com/jsapi"></script>
    <script type='text/javascript'>
      google.load('visualization', '1', {packages:['table']});
      google.setOnLoadCallback(drawTable);
      var suiteTableInitFunctions = new Array();
      var suiteTableData = new Array();
    </script>
    <!--
      <script type="text/javascript" src="jquery-ui/js/jquery-ui-1.8.16.custom.min.js"></script>
     -->
  </head>

  <body>
    <div class="top-banner-root">
      <span class="top-banner-title-font">Test results</span>
      <button id="button" class="button">Switch Retro Theme</button> <!-- button -->
      <br/>
      <span class="top-banner-font-1">1 suite</span>
    </div> <!-- top-banner-root -->
    <div class="navigator-root">
      <div class="navigator-suite-header">
        <span>All suites</span>
        <a href="#" title="Collapse/expand all the suites" class="collapse-all-link">
          <img src="collapseall.gif" class="collapse-all-icon">
          </img> <!-- collapse-all-icon -->
        </a> <!-- collapse-all-link -->
      </div> <!-- navigator-suite-header -->
      <div class="suite">
        <div class="rounded-window">
          <div class="suite-header light-rounded-window-top">
            <a href="#" panel-name="suite-Selenium_Test_Suite" class="navigator-link">
              <span class="suite-name border-skipped">Selenium Test Suite</span>
            </a> <!-- navigator-link -->
          </div> <!-- suite-header light-rounded-window-top -->
          <div class="navigator-suite-content">
            <div class="suite-section-title">
              <span>Info</span>
            </div> <!-- suite-section-title -->
            <div class="suite-section-content">
              <ul>
                <li>
                  <a href="#" panel-name="test-xml-Selenium_Test_Suite" class="navigator-link ">
                    <span>C:\WebAhmed1\nike\src\test\resources\NikeRunner.xml</span>
                  </a> <!-- navigator-link  -->
                </li>
                <li>
                  <a href="#" panel-name="testlist-Selenium_Test_Suite" class="navigator-link ">
                    <span class="test-stats">1 test</span>
                  </a> <!-- navigator-link  -->
                </li>
                <li>
                  <a href="#" panel-name="group-Selenium_Test_Suite" class="navigator-link ">
                    <span>0 groups</span>
                  </a> <!-- navigator-link  -->
                </li>
                <li>
                  <a href="#" panel-name="times-Selenium_Test_Suite" class="navigator-link ">
                    <span>Times</span>
                  </a> <!-- navigator-link  -->
                </li>
                <li>
                  <a href="#" panel-name="reporter-Selenium_Test_Suite" class="navigator-link ">
                    <span>Reporter output</span>
                  </a> <!-- navigator-link  -->
                </li>
                <li>
                  <a href="#" panel-name="ignored-methods-Selenium_Test_Suite" class="navigator-link ">
                    <span>Ignored methods</span>
                  </a> <!-- navigator-link  -->
                </li>
                <li>
                  <a href="#" panel-name="chronological-Selenium_Test_Suite" class="navigator-link ">
                    <span>Chronological view</span>
                  </a> <!-- navigator-link  -->
                </li>
              </ul>
            </div> <!-- suite-section-content -->
            <div class="result-section">
              <div class="suite-section-title">
                <span>Results</span>
              </div> <!-- suite-section-title -->
              <div class="suite-section-content">
                <ul>
                  <li>
                    <span class="method-stats">2 methods,  2 skipped,  </span>
                  </li>
                  <li>
                    <span class="method-list-title skipped">Skipped methods</span>
                    <span class="show-or-hide-methods skipped">
                      <a href="#" panel-name="suite-Selenium_Test_Suite" class="hide-methods skipped suite-Selenium_Test_Suite"> (hide)</a> <!-- hide-methods skipped suite-Selenium_Test_Suite -->
                      <a href="#" panel-name="suite-Selenium_Test_Suite" class="show-methods skipped suite-Selenium_Test_Suite"> (show)</a> <!-- show-methods skipped suite-Selenium_Test_Suite -->
                    </span>
                    <div class="method-list-content skipped suite-Selenium_Test_Suite">
                      <span>
                        <img src="skipped.png" width="3%"/>
                        <a href="#" panel-name="suite-Selenium_Test_Suite" title="com.niketest.HelpPageValidations" class="method navigator-link" hash-for-method="validateUserBeingAleToMoveMoseHoverToPrivacyPolicy">validateUserBeingAleToMoveMoseHoverToPrivacyPolicy</a> <!-- method navigator-link -->
                      </span>
                      <br/>
                      <span>
                        <img src="skipped.png" width="3%"/>
                        <a href="#" panel-name="suite-Selenium_Test_Suite" title="com.niketest.HelpPageValidations" class="method navigator-link" hash-for-method="validateUserBeingAleToTypeOnSearchBar">validateUserBeingAleToTypeOnSearchBar</a> <!-- method navigator-link -->
                      </span>
                      <br/>
                    </div> <!-- method-list-content skipped suite-Selenium_Test_Suite -->
                  </li>
                </ul>
              </div> <!-- suite-section-content -->
            </div> <!-- result-section -->
          </div> <!-- navigator-suite-content -->
        </div> <!-- rounded-window -->
      </div> <!-- suite -->
    </div> <!-- navigator-root -->
    <div class="wrapper">
      <div class="main-panel-root">
        <div panel-name="suite-Selenium_Test_Suite" class="panel Selenium_Test_Suite">
          <div class="suite-Selenium_Test_Suite-class-skipped">
            <div class="main-panel-header rounded-window-top">
              <img src="skipped.png"/>
              <span class="class-name">com.niketest.HelpPageValidations</span>
            </div> <!-- main-panel-header rounded-window-top -->
            <div class="main-panel-content rounded-window-bottom">
              <div class="method">
                <div class="method-content">
                  <a name="validateUserBeingAleToMoveMoseHoverToPrivacyPolicy">
                  </a> <!-- validateUserBeingAleToMoveMoseHoverToPrivacyPolicy -->
                  <span class="method-name">validateUserBeingAleToMoveMoseHoverToPrivacyPolicy</span>
                  <div class="stack-trace">org.openqa.selenium.SessionNotCreatedException: session not created
from chrome not reachable
  (Session info: chrome=86.0.4240.198)
Build info: version: &apos;3.141.59&apos;, revision: &apos;e82be7d358&apos;, time: &apos;2018-11-14T08:17:03&apos;
System info: host: &apos;DESKTOP-E8F4LHE&apos;, ip: &apos;192.168.1.18&apos;, os.name: &apos;Windows 10&apos;, os.arch: &apos;amd64&apos;, os.version: &apos;10.0&apos;, java.version: &apos;11.0.8&apos;
Driver info: driver.version: ChromeDriver
remote stacktrace: Backtrace:
	Ordinal0 [0x009BC013+3194899]
	Ordinal0 [0x008A6021+2056225]
	Ordinal0 [0x0073F4B0+586928]
	Ordinal0 [0x00735894+546964]
	Ordinal0 [0x00735F2C+548652]
	Ordinal0 [0x00737175+553333]
	Ordinal0 [0x0073241E+533534]
	Ordinal0 [0x00740620+591392]
	Ordinal0 [0x006E2A0C+207372]
	Ordinal0 [0x006E1D0D+204045]
	Ordinal0 [0x006DFC1B+195611]
	Ordinal0 [0x006C3B7F+80767]
	Ordinal0 [0x006C4B4E+84814]
	Ordinal0 [0x006C4AD9+84697]
	Ordinal0 [0x008BCE64+2149988]
	GetHandleVerifier [0x00B2BE95+1400773]
	GetHandleVerifier [0x00B2BB61+1399953]
	GetHandleVerifier [0x00B331FA+1430314]
	GetHandleVerifier [0x00B2C69F+1402831]
	Ordinal0 [0x008B3D61+2112865]
	Ordinal0 [0x008BE5CB+2155979]
	Ordinal0 [0x008BE6F5+2156277]
	Ordinal0 [0x008CF26E+2224750]
	BaseThreadInitThunk [0x753F6359+25]
	RtlGetAppContainerNamedObjectPath [0x778D8944+228]
	RtlGetAppContainerNamedObjectPath [0x778D8914+180]

	at org.openqa.selenium.remote.W3CHandshakeResponse.lambda$errorHandler$0(W3CHandshakeResponse.java:62)
	at org.openqa.selenium.remote.HandshakeResponse.lambda$getResponseFunction$0(HandshakeResponse.java:30)
	at org.openqa.selenium.remote.ProtocolHandshake.lambda$createSession$0(ProtocolHandshake.java:126)
	at java.base/java.util.stream.ReferencePipeline$3$1.accept(ReferencePipeline.java:195)
	at java.base/java.util.Spliterators$ArraySpliterator.tryAdvance(Spliterators.java:958)
	at java.base/java.util.stream.ReferencePipeline.forEachWithCancel(ReferencePipeline.java:127)
	at java.base/java.util.stream.AbstractPipeline.copyIntoWithCancel(AbstractPipeline.java:502)
	at java.base/java.util.stream.AbstractPipeline.copyInto(AbstractPipeline.java:488)
	at java.base/java.util.stream.AbstractPipeline.wrapAndCopyInto(AbstractPipeline.java:474)
	at java.base/java.util.stream.FindOps$FindOp.evaluateSequential(FindOps.java:150)
	at java.base/java.util.stream.AbstractPipeline.evaluate(AbstractPipeline.java:234)
	at java.base/java.util.stream.ReferencePipeline.findFirst(ReferencePipeline.java:543)
	at org.openqa.selenium.remote.ProtocolHandshake.createSession(ProtocolHandshake.java:128)
	at org.openqa.selenium.remote.ProtocolHandshake.createSession(ProtocolHandshake.java:74)
	at org.openqa.selenium.remote.HttpCommandExecutor.execute(HttpCommandExecutor.java:136)
	at org.openqa.selenium.remote.service.DriverCommandExecutor.execute(DriverCommandExecutor.java:83)
	at org.openqa.selenium.remote.RemoteWebDriver.execute(RemoteWebDriver.java:552)
	at org.openqa.selenium.remote.RemoteWebDriver.startSession(RemoteWebDriver.java:213)
	at org.openqa.selenium.remote.RemoteWebDriver.&lt;init&gt;(RemoteWebDriver.java:131)
	at org.openqa.selenium.chrome.ChromeDriver.&lt;init&gt;(ChromeDriver.java:181)
	at org.openqa.selenium.chrome.ChromeDriver.&lt;init&gt;(ChromeDriver.java:168)
	at org.openqa.selenium.chrome.ChromeDriver.&lt;init&gt;(ChromeDriver.java:123)
	at com.base.TestBase.getLocalDriver(TestBase.java:82)
	at com.base.TestBase.setupDriver(TestBase.java:63)
	at java.base/java.util.ArrayList.forEach(ArrayList.java:1541)
... Removed 39 stack frames
</div> <!-- stack-trace -->
                </div> <!-- method-content -->
              </div> <!-- method -->
              <div class="method">
                <div class="method-content">
                  <a name="validateUserBeingAleToTypeOnSearchBar">
                  </a> <!-- validateUserBeingAleToTypeOnSearchBar -->
                  <span class="method-name">validateUserBeingAleToTypeOnSearchBar</span>
                  <div class="stack-trace">org.openqa.selenium.SessionNotCreatedException: session not created
from chrome not reachable
  (Session info: chrome=86.0.4240.198)
Build info: version: &apos;3.141.59&apos;, revision: &apos;e82be7d358&apos;, time: &apos;2018-11-14T08:17:03&apos;
System info: host: &apos;DESKTOP-E8F4LHE&apos;, ip: &apos;192.168.1.18&apos;, os.name: &apos;Windows 10&apos;, os.arch: &apos;amd64&apos;, os.version: &apos;10.0&apos;, java.version: &apos;11.0.8&apos;
Driver info: driver.version: ChromeDriver
remote stacktrace: Backtrace:
	Ordinal0 [0x009BC013+3194899]
	Ordinal0 [0x008A6021+2056225]
	Ordinal0 [0x0073F4B0+586928]
	Ordinal0 [0x00735894+546964]
	Ordinal0 [0x00735F2C+548652]
	Ordinal0 [0x00737175+553333]
	Ordinal0 [0x0073241E+533534]
	Ordinal0 [0x00740620+591392]
	Ordinal0 [0x006E2A0C+207372]
	Ordinal0 [0x006E1D0D+204045]
	Ordinal0 [0x006DFC1B+195611]
	Ordinal0 [0x006C3B7F+80767]
	Ordinal0 [0x006C4B4E+84814]
	Ordinal0 [0x006C4AD9+84697]
	Ordinal0 [0x008BCE64+2149988]
	GetHandleVerifier [0x00B2BE95+1400773]
	GetHandleVerifier [0x00B2BB61+1399953]
	GetHandleVerifier [0x00B331FA+1430314]
	GetHandleVerifier [0x00B2C69F+1402831]
	Ordinal0 [0x008B3D61+2112865]
	Ordinal0 [0x008BE5CB+2155979]
	Ordinal0 [0x008BE6F5+2156277]
	Ordinal0 [0x008CF26E+2224750]
	BaseThreadInitThunk [0x753F6359+25]
	RtlGetAppContainerNamedObjectPath [0x778D8944+228]
	RtlGetAppContainerNamedObjectPath [0x778D8914+180]

	at org.openqa.selenium.remote.W3CHandshakeResponse.lambda$errorHandler$0(W3CHandshakeResponse.java:62)
	at org.openqa.selenium.remote.HandshakeResponse.lambda$getResponseFunction$0(HandshakeResponse.java:30)
	at org.openqa.selenium.remote.ProtocolHandshake.lambda$createSession$0(ProtocolHandshake.java:126)
	at java.base/java.util.stream.ReferencePipeline$3$1.accept(ReferencePipeline.java:195)
	at java.base/java.util.Spliterators$ArraySpliterator.tryAdvance(Spliterators.java:958)
	at java.base/java.util.stream.ReferencePipeline.forEachWithCancel(ReferencePipeline.java:127)
	at java.base/java.util.stream.AbstractPipeline.copyIntoWithCancel(AbstractPipeline.java:502)
	at java.base/java.util.stream.AbstractPipeline.copyInto(AbstractPipeline.java:488)
	at java.base/java.util.stream.AbstractPipeline.wrapAndCopyInto(AbstractPipeline.java:474)
	at java.base/java.util.stream.FindOps$FindOp.evaluateSequential(FindOps.java:150)
	at java.base/java.util.stream.AbstractPipeline.evaluate(AbstractPipeline.java:234)
	at java.base/java.util.stream.ReferencePipeline.findFirst(ReferencePipeline.java:543)
	at org.openqa.selenium.remote.ProtocolHandshake.createSession(ProtocolHandshake.java:128)
	at org.openqa.selenium.remote.ProtocolHandshake.createSession(ProtocolHandshake.java:74)
	at org.openqa.selenium.remote.HttpCommandExecutor.execute(HttpCommandExecutor.java:136)
	at org.openqa.selenium.remote.service.DriverCommandExecutor.execute(DriverCommandExecutor.java:83)
	at org.openqa.selenium.remote.RemoteWebDriver.execute(RemoteWebDriver.java:552)
	at org.openqa.selenium.remote.RemoteWebDriver.startSession(RemoteWebDriver.java:213)
	at org.openqa.selenium.remote.RemoteWebDriver.&lt;init&gt;(RemoteWebDriver.java:131)
	at org.openqa.selenium.chrome.ChromeDriver.&lt;init&gt;(ChromeDriver.java:181)
	at org.openqa.selenium.chrome.ChromeDriver.&lt;init&gt;(ChromeDriver.java:168)
	at org.openqa.selenium.chrome.ChromeDriver.&lt;init&gt;(ChromeDriver.java:123)
	at com.base.TestBase.getLocalDriver(TestBase.java:82)
	at com.base.TestBase.setupDriver(TestBase.java:63)
	at java.base/java.util.ArrayList.forEach(ArrayList.java:1541)
... Removed 39 stack frames
</div> <!-- stack-trace -->
                </div> <!-- method-content -->
              </div> <!-- method -->
            </div> <!-- main-panel-content rounded-window-bottom -->
          </div> <!-- suite-Selenium_Test_Suite-class-skipped -->
        </div> <!-- panel Selenium_Test_Suite -->
        <div panel-name="test-xml-Selenium_Test_Suite" class="panel">
          <div class="main-panel-header rounded-window-top">
            <span class="header-content">C:\WebAhmed1\nike\src\test\resources\NikeRunner.xml</span>
          </div> <!-- main-panel-header rounded-window-top -->
          <div class="main-panel-content rounded-window-bottom">
            <pre>
&lt;?xml version=&quot;1.0&quot; encoding=&quot;UTF-8&quot;?&gt;
&lt;!DOCTYPE suite SYSTEM &quot;https://testng.org/testng-1.0.dtd&quot;&gt;
&lt;suite name=&quot;Selenium Test Suite&quot; guice-stage=&quot;DEVELOPMENT&quot; verbose=&quot;0&quot;&gt;
  &lt;parameter name=&quot;cloud&quot; value=&quot;false&quot;/&gt;
  &lt;parameter name=&quot;envName&quot; value=&quot;browserstack&quot;/&gt;
  &lt;parameter name=&quot;browser&quot; value=&quot;chrome&quot;/&gt;
  &lt;parameter name=&quot;browserVersion&quot; value=&quot;85.0&quot;/&gt;
  &lt;parameter name=&quot;url&quot; value=&quot;https://www.nike.com/&quot;/&gt;
  &lt;parameter name=&quot;platform&quot; value=&quot;windows&quot;/&gt;
  &lt;test thread-count=&quot;5&quot; name=&quot;Automation tests&quot; verbose=&quot;0&quot;&gt;
    &lt;classes&gt;
      &lt;class name=&quot;com.niketest.HomePageValidations&quot;/&gt;
      &lt;class name=&quot;com.niketest.JoinPageValidations&quot;/&gt;
      &lt;class name=&quot;com.niketest.LoginPageValidations&quot;/&gt;
      &lt;class name=&quot;com.niketest.HelpPageValidations&quot;/&gt;
      &lt;class name=&quot;com.niketest.NewReleasesPageValidations&quot;/&gt;
    &lt;/classes&gt;
  &lt;/test&gt; &lt;!-- Automation tests --&gt;
&lt;/suite&gt; &lt;!-- Selenium Test Suite --&gt;
            </pre>
          </div> <!-- main-panel-content rounded-window-bottom -->
        </div> <!-- panel -->
        <div panel-name="testlist-Selenium_Test_Suite" class="panel">
          <div class="main-panel-header rounded-window-top">
            <span class="header-content">Tests for Selenium Test Suite</span>
          </div> <!-- main-panel-header rounded-window-top -->
          <div class="main-panel-content rounded-window-bottom">
            <ul>
              <li>
                <span class="test-name">Automation tests (5 classes)</span>
              </li>
            </ul>
          </div> <!-- main-panel-content rounded-window-bottom -->
        </div> <!-- panel -->
        <div panel-name="group-Selenium_Test_Suite" class="panel">
          <div class="main-panel-header rounded-window-top">
            <span class="header-content">Groups for Selenium Test Suite</span>
          </div> <!-- main-panel-header rounded-window-top -->
          <div class="main-panel-content rounded-window-bottom">
          </div> <!-- main-panel-content rounded-window-bottom -->
        </div> <!-- panel -->
        <div panel-name="times-Selenium_Test_Suite" class="panel">
          <div class="main-panel-header rounded-window-top">
            <span class="header-content">Times for Selenium Test Suite</span>
          </div> <!-- main-panel-header rounded-window-top -->
          <div class="main-panel-content rounded-window-bottom">
            <div class="times-div">
              <script type="text/javascript">
suiteTableInitFunctions.push('tableData_Selenium_Test_Suite');
function tableData_Selenium_Test_Suite() {
var data = new google.visualization.DataTable();
data.addColumn('number', 'Number');
data.addColumn('string', 'Method');
data.addColumn('string', 'Class');
data.addColumn('number', 'Time (ms)');
data.addRows(2);
data.setCell(0, 0, 0)
data.setCell(0, 1, 'validateUserBeingAleToMoveMoseHoverToPrivacyPolicy')
data.setCell(0, 2, 'com.niketest.HelpPageValidations')
data.setCell(0, 3, 0);
data.setCell(1, 0, 1)
data.setCell(1, 1, 'validateUserBeingAleToTypeOnSearchBar')
data.setCell(1, 2, 'com.niketest.HelpPageValidations')
data.setCell(1, 3, 0);
window.suiteTableData['Selenium_Test_Suite']= { tableData: data, tableDiv: 'times-div-Selenium_Test_Suite'}
return data;
}
              </script>
              <span class="suite-total-time">Total running time: 0 ms</span>
              <div id="times-div-Selenium_Test_Suite">
              </div> <!-- times-div-Selenium_Test_Suite -->
            </div> <!-- times-div -->
          </div> <!-- main-panel-content rounded-window-bottom -->
        </div> <!-- panel -->
        <div panel-name="reporter-Selenium_Test_Suite" class="panel">
          <div class="main-panel-header rounded-window-top">
            <span class="header-content">Reporter output for Selenium Test Suite</span>
          </div> <!-- main-panel-header rounded-window-top -->
          <div class="main-panel-content rounded-window-bottom">
          </div> <!-- main-panel-content rounded-window-bottom -->
        </div> <!-- panel -->
        <div panel-name="ignored-methods-Selenium_Test_Suite" class="panel">
          <div class="main-panel-header rounded-window-top">
            <span class="header-content">28 ignored methods</span>
          </div> <!-- main-panel-header rounded-window-top -->
          <div class="main-panel-content rounded-window-bottom">
            <div class="ignored-class-div">
              <span class="ignored-class-name">com.niketest.HelpPageValidations</span>
              <div class="ignored-methods-div">
                <span class="ignored-method-name">extentSetup</span>
                <br/>
                <span class="ignored-method-name">generateReport</span>
                <br/>
                <span class="ignored-method-name">validateUserBeingAleToClickOnToHelpBtn</span>
                <br/>
              </div> <!-- ignored-methods-div -->
            </div> <!-- ignored-class-div -->
            <div class="ignored-class-div">
              <span class="ignored-class-name">com.niketest.HomePageValidations</span>
              <div class="ignored-methods-div">
                <span class="ignored-method-name">validateUserBeingAbleToSearchForAnItem</span>
                <br/>
                <span class="ignored-method-name">validateUserCanClickOnRealeaseButton</span>
                <br/>
                <span class="ignored-method-name">validateUserBeingAleToPassElementToSearchBar</span>
                <br/>
                <span class="ignored-method-name">validateUserBeingAleToClickOnJoinUsBtn</span>
                <br/>
                <span class="ignored-method-name">validateUserBeingAleToClickOnToHelpBtn</span>
                <br/>
                <span class="ignored-method-name">validateUserBeingAleToClickOnSearchBtn</span>
                <br/>
                <span class="ignored-method-name">validateUserBeingAleToToSeeForYouandYourCrew</span>
                <br/>
              </div> <!-- ignored-methods-div -->
            </div> <!-- ignored-class-div -->
            <div class="ignored-class-div">
              <span class="ignored-class-name">com.niketest.LoginPageValidations</span>
              <div class="ignored-methods-div">
                <span class="ignored-method-name">validateUserBeingAleToClickOnJoinUsBtn</span>
                <br/>
                <span class="ignored-method-name">extentSetup</span>
                <br/>
                <span class="ignored-method-name">validateUserBeingAbleToLogin</span>
                <br/>
                <span class="ignored-method-name">fieldValidationOnLogInPageSofAss</span>
                <br/>
                <span class="ignored-method-name">generateReport</span>
                <br/>
              </div> <!-- ignored-methods-div -->
            </div> <!-- ignored-class-div -->
            <div class="ignored-class-div">
              <span class="ignored-class-name">com.niketest.NewReleasesPageValidations</span>
              <div class="ignored-methods-div">
                <span class="ignored-method-name">validateUserBeingAleToClickOnToDropDownNewReleases</span>
                <br/>
                <span class="ignored-method-name">validateUserBeingAleToMoveMoseHoverToShoes</span>
                <br/>
                <span class="ignored-method-name">validateUserBeingAleToDropDownSortBy</span>
                <br/>
                <span class="ignored-method-name">extentSetup</span>
                <br/>
                <span class="ignored-method-name">validateUserBeingAleToScrollNewReleases</span>
                <br/>
                <span class="ignored-method-name">generateReport</span>
                <br/>
              </div> <!-- ignored-methods-div -->
            </div> <!-- ignored-class-div -->
            <div class="ignored-class-div">
              <span class="ignored-class-name">com.niketest.JoinPageValidations</span>
              <div class="ignored-methods-div">
                <span class="ignored-method-name">fieldValidationOnJoinUsPage</span>
                <br/>
                <span class="ignored-method-name">sendDatafieldJoinUsPage</span>
                <br/>
                <span class="ignored-method-name">validateUserBeingAleToClickOnJoinUsBtn</span>
                <br/>
                <span class="ignored-method-name">extentSetup</span>
                <br/>
                <span class="ignored-method-name">fieldValidationOnJoinUsPageSofAss</span>
                <br/>
                <span class="ignored-method-name">validateUserBeingAleToClickOnSearchBtn</span>
                <br/>
                <span class="ignored-method-name">generateReport</span>
                <br/>
              </div> <!-- ignored-methods-div -->
            </div> <!-- ignored-class-div -->
          </div> <!-- main-panel-content rounded-window-bottom -->
        </div> <!-- panel -->
        <div panel-name="chronological-Selenium_Test_Suite" class="panel">
          <div class="main-panel-header rounded-window-top">
            <span class="header-content">Methods in chronological order</span>
          </div> <!-- main-panel-header rounded-window-top -->
          <div class="main-panel-content rounded-window-bottom">
            <div class="chronological-class">
              <div class="chronological-class-name">com.niketest.HomePageValidations</div> <!-- chronological-class-name -->
              <div class="configuration-suite before">
                <span class="method-name">extentSetup(org.testng.TestRunner@16a9a4f1)</span>
                <span class="method-start">0 ms</span>
              </div> <!-- configuration-suite before -->
            </div> <!-- chronological-class -->
            <div class="chronological-class">
              <div class="chronological-class-name">com.niketest.HelpPageValidations</div> <!-- chronological-class-name -->
              <div class="configuration-method before">
                <img src="failed.png">
                </img>
                <span class="method-name">setupDriver(windows, https://www.nike.com/, chrome, false, 85.0, browserstack)</span>
                <span class="method-start">145 ms</span>
              </div> <!-- configuration-method before -->
              <div class="configuration-method before">
                <span class="method-name">startExtent</span>
                <span class="method-start">13501 ms</span>
              </div> <!-- configuration-method before -->
              <div class="test-method">
                <span class="method-name">validateUserBeingAleToMoveMoseHoverToPrivacyPolicy</span>
                <span class="method-start">13502 ms</span>
              </div> <!-- test-method -->
              <div class="configuration-method after">
                <span class="method-name">afterEachTestMethod</span>
                <span class="method-start">13503 ms</span>
              </div> <!-- configuration-method after -->
              <div class="configuration-method after">
                <span class="method-name">cleanUp</span>
                <span class="method-start">13503 ms</span>
              </div> <!-- configuration-method after -->
              <div class="configuration-method before">
                <span class="method-name">setupDriver</span>
                <span class="method-start">13504 ms</span>
              </div> <!-- configuration-method before -->
              <div class="configuration-method before">
                <span class="method-name">startExtent</span>
                <span class="method-start">13504 ms</span>
              </div> <!-- configuration-method before -->
              <div class="test-method">
                <span class="method-name">validateUserBeingAleToTypeOnSearchBar</span>
                <span class="method-start">13504 ms</span>
              </div> <!-- test-method -->
              <div class="configuration-method after">
                <span class="method-name">afterEachTestMethod</span>
                <span class="method-start">13505 ms</span>
              </div> <!-- configuration-method after -->
              <div class="configuration-method after">
                <span class="method-name">cleanUp</span>
                <span class="method-start">13505 ms</span>
              </div> <!-- configuration-method after -->
            </div> <!-- chronological-class -->
            <div class="chronological-class">
              <div class="chronological-class-name">com.niketest.HomePageValidations</div> <!-- chronological-class-name -->
              <div class="configuration-suite after">
                <span class="method-name">generateReport</span>
                <span class="method-start">13544 ms</span>
              </div> <!-- configuration-suite after -->
          </div> <!-- main-panel-content rounded-window-bottom -->
        </div> <!-- panel -->
      </div> <!-- main-panel-root -->
    </div> <!-- wrapper -->
  </body>
<script type="text/javascript" src="testng-reports2.js"></script>
</html>
