<?xml version="1.0" encoding="UTF-8"?>
<testsuite xmlns:xsi="http://www.w3.org/2001/XMLSchema-instance" xsi:noNamespaceSchemaLocation="https://maven.apache.org/surefire/maven-surefire-plugin/xsd/surefire-test-report-3.0.xsd" version="3.0" name="TestSuite" time="14.853" tests="10" errors="0" skipped="9" failures="1">
  <properties>
    <property name="sun.desktop" value="windows"/>
    <property name="awt.toolkit" value="sun.awt.windows.WToolkit"/>
    <property name="java.specification.version" value="11"/>
    <property name="sun.cpu.isalist" value="amd64"/>
    <property name="sun.jnu.encoding" value="Cp1252"/>
    <property name="java.class.path" value="C:\WebAhmed1\nike\target\test-classes;C:\WebAhmed1\nike\target\classes;C:\WebAhmed1\generic\target\classes;C:\Users\ahmed\.m2\repository\mysql\mysql-connector-java\8.0.22\mysql-connector-java-8.0.22.jar;C:\Users\ahmed\.m2\repository\com\google\protobuf\protobuf-java\3.11.4\protobuf-java-3.11.4.jar;C:\Users\ahmed\.m2\repository\org\seleniumhq\selenium\selenium-java\3.141.59\selenium-java-3.141.59.jar;C:\Users\ahmed\.m2\repository\org\seleniumhq\selenium\selenium-api\3.141.59\selenium-api-3.141.59.jar;C:\Users\ahmed\.m2\repository\org\seleniumhq\selenium\selenium-chrome-driver\3.141.59\selenium-chrome-driver-3.141.59.jar;C:\Users\ahmed\.m2\repository\org\seleniumhq\selenium\selenium-edge-driver\3.141.59\selenium-edge-driver-3.141.59.jar;C:\Users\ahmed\.m2\repository\org\seleniumhq\selenium\selenium-firefox-driver\3.141.59\selenium-firefox-driver-3.141.59.jar;C:\Users\ahmed\.m2\repository\org\seleniumhq\selenium\selenium-ie-driver\3.141.59\selenium-ie-driver-3.141.59.jar;C:\Users\ahmed\.m2\repository\org\seleniumhq\selenium\selenium-opera-driver\3.141.59\selenium-opera-driver-3.141.59.jar;C:\Users\ahmed\.m2\repository\org\seleniumhq\selenium\selenium-remote-driver\3.141.59\selenium-remote-driver-3.141.59.jar;C:\Users\ahmed\.m2\repository\org\seleniumhq\selenium\selenium-safari-driver\3.141.59\selenium-safari-driver-3.141.59.jar;C:\Users\ahmed\.m2\repository\org\seleniumhq\selenium\selenium-support\3.141.59\selenium-support-3.141.59.jar;C:\Users\ahmed\.m2\repository\net\bytebuddy\byte-buddy\1.8.15\byte-buddy-1.8.15.jar;C:\Users\ahmed\.m2\repository\org\apache\commons\commons-exec\1.3\commons-exec-1.3.jar;C:\Users\ahmed\.m2\repository\com\google\guava\guava\25.0-jre\guava-25.0-jre.jar;C:\Users\ahmed\.m2\repository\com\google\code\findbugs\jsr305\1.3.9\jsr305-1.3.9.jar;C:\Users\ahmed\.m2\repository\org\checkerframework\checker-compat-qual\2.0.0\checker-compat-qual-2.0.0.jar;C:\Users\ahmed\.m2\repository\com\google\errorprone\error_prone_annotations\2.1.3\error_prone_annotations-2.1.3.jar;C:\Users\ahmed\.m2\repository\com\google\j2objc\j2objc-annotations\1.1\j2objc-annotations-1.1.jar;C:\Users\ahmed\.m2\repository\org\codehaus\mojo\animal-sniffer-annotations\1.14\animal-sniffer-annotations-1.14.jar;C:\Users\ahmed\.m2\repository\com\squareup\okhttp3\okhttp\3.11.0\okhttp-3.11.0.jar;C:\Users\ahmed\.m2\repository\com\squareup\okio\okio\1.14.0\okio-1.14.0.jar;C:\Users\ahmed\.m2\repository\org\testng\testng\7.3.0\testng-7.3.0.jar;C:\Users\ahmed\.m2\repository\com\beust\jcommander\1.78\jcommander-1.78.jar;C:\Users\ahmed\.m2\repository\org\apache\ant\ant\1.10.3\ant-1.10.3.jar;C:\Users\ahmed\.m2\repository\org\apache\ant\ant-launcher\1.10.3\ant-launcher-1.10.3.jar;C:\Users\ahmed\.m2\repository\junit\junit\4.12\junit-4.12.jar;C:\Users\ahmed\.m2\repository\org\hamcrest\hamcrest-core\1.3\hamcrest-core-1.3.jar;C:\Users\ahmed\.m2\repository\com\google\inject\guice\4.2.2\guice-4.2.2-no_aop.jar;C:\Users\ahmed\.m2\repository\javax\inject\javax.inject\1\javax.inject-1.jar;C:\Users\ahmed\.m2\repository\aopalliance\aopalliance\1.0\aopalliance-1.0.jar;C:\Users\ahmed\.m2\repository\org\yaml\snakeyaml\1.21\snakeyaml-1.21.jar;C:\Users\ahmed\.m2\repository\log4j\log4j\1.2.17\log4j-1.2.17.jar;C:\Users\ahmed\.m2\repository\org\mongodb\mongodb-driver\3.4.0\mongodb-driver-3.4.0.jar;C:\Users\ahmed\.m2\repository\org\mongodb\mongodb-driver-core\3.4.0\mongodb-driver-core-3.4.0.jar;C:\Users\ahmed\.m2\repository\org\mongodb\bson\3.4.0\bson-3.4.0.jar;C:\Users\ahmed\.m2\repository\com\aventstack\extentreports\3.1.5\extentreports-3.1.5.jar;C:\Users\ahmed\.m2\repository\org\freemarker\freemarker\2.3.23\freemarker-2.3.23.jar;C:\Users\ahmed\.m2\repository\org\apache\httpcomponents\httpclient\4.5.2\httpclient-4.5.2.jar;C:\Users\ahmed\.m2\repository\org\apache\httpcomponents\httpcore\4.4.4\httpcore-4.4.4.jar;C:\Users\ahmed\.m2\repository\commons-logging\commons-logging\1.2\commons-logging-1.2.jar;C:\Users\ahmed\.m2\repository\org\apache\httpcomponents\httpmime\4.5.2\httpmime-4.5.2.jar;C:\Users\ahmed\.m2\repository\org\jsoup\jsoup\1.9.2\jsoup-1.9.2.jar;C:\Users\ahmed\.m2\repository\com\google\code\gson\gson\2.8.0\gson-2.8.0.jar;C:\Users\ahmed\.m2\repository\com\relevantcodes\extentreports\2.41.2\extentreports-2.41.2.jar;C:\Users\ahmed\.m2\repository\org\xerial\sqlite-jdbc\3.8.11.1\sqlite-jdbc-3.8.11.1.jar;C:\Users\ahmed\.m2\repository\commons-io\commons-io\2.6\commons-io-2.6.jar;C:\Users\ahmed\.m2\repository\org\apache\poi\poi\3.17\poi-3.17.jar;C:\Users\ahmed\.m2\repository\commons-codec\commons-codec\1.10\commons-codec-1.10.jar;C:\Users\ahmed\.m2\repository\org\apache\commons\commons-collections4\4.1\commons-collections4-4.1.jar;"/>
    <property name="java.vm.vendor" value="Oracle Corporation"/>
    <property name="sun.arch.data.model" value="64"/>
    <property name="user.variant" value=""/>
    <property name="java.vendor.url" value="https://openjdk.java.net/"/>
    <property name="user.timezone" value="America/Los_Angeles"/>
    <property name="java.vm.specification.version" value="11"/>
    <property name="os.name" value="Windows 10"/>
    <property name="sun.java.launcher" value="SUN_STANDARD"/>
    <property name="user.country" value="US"/>
    <property name="sun.boot.library.path" value="C:\Program Files\Java\jdk-11.0.8\bin"/>
    <property name="sun.java.command" value="C:\Users\ahmed\AppData\Local\Temp\surefire12302215405920081845\surefirebooter7323675236042708573.jar C:\Users\ahmed\AppData\Local\Temp\surefire12302215405920081845 2020-12-05T06-54-18_025-jvmRun1 surefire7121509592165185649tmp surefire_016557274271669068589tmp"/>
    <property name="jdk.debug" value="release"/>
    <property name="surefire.test.class.path" value="C:\WebAhmed1\nike\target\test-classes;C:\WebAhmed1\nike\target\classes;C:\WebAhmed1\generic\target\classes;C:\Users\ahmed\.m2\repository\mysql\mysql-connector-java\8.0.22\mysql-connector-java-8.0.22.jar;C:\Users\ahmed\.m2\repository\com\google\protobuf\protobuf-java\3.11.4\protobuf-java-3.11.4.jar;C:\Users\ahmed\.m2\repository\org\seleniumhq\selenium\selenium-java\3.141.59\selenium-java-3.141.59.jar;C:\Users\ahmed\.m2\repository\org\seleniumhq\selenium\selenium-api\3.141.59\selenium-api-3.141.59.jar;C:\Users\ahmed\.m2\repository\org\seleniumhq\selenium\selenium-chrome-driver\3.141.59\selenium-chrome-driver-3.141.59.jar;C:\Users\ahmed\.m2\repository\org\seleniumhq\selenium\selenium-edge-driver\3.141.59\selenium-edge-driver-3.141.59.jar;C:\Users\ahmed\.m2\repository\org\seleniumhq\selenium\selenium-firefox-driver\3.141.59\selenium-firefox-driver-3.141.59.jar;C:\Users\ahmed\.m2\repository\org\seleniumhq\selenium\selenium-ie-driver\3.141.59\selenium-ie-driver-3.141.59.jar;C:\Users\ahmed\.m2\repository\org\seleniumhq\selenium\selenium-opera-driver\3.141.59\selenium-opera-driver-3.141.59.jar;C:\Users\ahmed\.m2\repository\org\seleniumhq\selenium\selenium-remote-driver\3.141.59\selenium-remote-driver-3.141.59.jar;C:\Users\ahmed\.m2\repository\org\seleniumhq\selenium\selenium-safari-driver\3.141.59\selenium-safari-driver-3.141.59.jar;C:\Users\ahmed\.m2\repository\org\seleniumhq\selenium\selenium-support\3.141.59\selenium-support-3.141.59.jar;C:\Users\ahmed\.m2\repository\net\bytebuddy\byte-buddy\1.8.15\byte-buddy-1.8.15.jar;C:\Users\ahmed\.m2\repository\org\apache\commons\commons-exec\1.3\commons-exec-1.3.jar;C:\Users\ahmed\.m2\repository\com\google\guava\guava\25.0-jre\guava-25.0-jre.jar;C:\Users\ahmed\.m2\repository\com\google\code\findbugs\jsr305\1.3.9\jsr305-1.3.9.jar;C:\Users\ahmed\.m2\repository\org\checkerframework\checker-compat-qual\2.0.0\checker-compat-qual-2.0.0.jar;C:\Users\ahmed\.m2\repository\com\google\errorprone\error_prone_annotations\2.1.3\error_prone_annotations-2.1.3.jar;C:\Users\ahmed\.m2\repository\com\google\j2objc\j2objc-annotations\1.1\j2objc-annotations-1.1.jar;C:\Users\ahmed\.m2\repository\org\codehaus\mojo\animal-sniffer-annotations\1.14\animal-sniffer-annotations-1.14.jar;C:\Users\ahmed\.m2\repository\com\squareup\okhttp3\okhttp\3.11.0\okhttp-3.11.0.jar;C:\Users\ahmed\.m2\repository\com\squareup\okio\okio\1.14.0\okio-1.14.0.jar;C:\Users\ahmed\.m2\repository\org\testng\testng\7.3.0\testng-7.3.0.jar;C:\Users\ahmed\.m2\repository\com\beust\jcommander\1.78\jcommander-1.78.jar;C:\Users\ahmed\.m2\repository\org\apache\ant\ant\1.10.3\ant-1.10.3.jar;C:\Users\ahmed\.m2\repository\org\apache\ant\ant-launcher\1.10.3\ant-launcher-1.10.3.jar;C:\Users\ahmed\.m2\repository\junit\junit\4.12\junit-4.12.jar;C:\Users\ahmed\.m2\repository\org\hamcrest\hamcrest-core\1.3\hamcrest-core-1.3.jar;C:\Users\ahmed\.m2\repository\com\google\inject\guice\4.2.2\guice-4.2.2-no_aop.jar;C:\Users\ahmed\.m2\repository\javax\inject\javax.inject\1\javax.inject-1.jar;C:\Users\ahmed\.m2\repository\aopalliance\aopalliance\1.0\aopalliance-1.0.jar;C:\Users\ahmed\.m2\repository\org\yaml\snakeyaml\1.21\snakeyaml-1.21.jar;C:\Users\ahmed\.m2\repository\log4j\log4j\1.2.17\log4j-1.2.17.jar;C:\Users\ahmed\.m2\repository\org\mongodb\mongodb-driver\3.4.0\mongodb-driver-3.4.0.jar;C:\Users\ahmed\.m2\repository\org\mongodb\mongodb-driver-core\3.4.0\mongodb-driver-core-3.4.0.jar;C:\Users\ahmed\.m2\repository\org\mongodb\bson\3.4.0\bson-3.4.0.jar;C:\Users\ahmed\.m2\repository\com\aventstack\extentreports\3.1.5\extentreports-3.1.5.jar;C:\Users\ahmed\.m2\repository\org\freemarker\freemarker\2.3.23\freemarker-2.3.23.jar;C:\Users\ahmed\.m2\repository\org\apache\httpcomponents\httpclient\4.5.2\httpclient-4.5.2.jar;C:\Users\ahmed\.m2\repository\org\apache\httpcomponents\httpcore\4.4.4\httpcore-4.4.4.jar;C:\Users\ahmed\.m2\repository\commons-logging\commons-logging\1.2\commons-logging-1.2.jar;C:\Users\ahmed\.m2\repository\org\apache\httpcomponents\httpmime\4.5.2\httpmime-4.5.2.jar;C:\Users\ahmed\.m2\repository\org\jsoup\jsoup\1.9.2\jsoup-1.9.2.jar;C:\Users\ahmed\.m2\repository\com\google\code\gson\gson\2.8.0\gson-2.8.0.jar;C:\Users\ahmed\.m2\repository\com\relevantcodes\extentreports\2.41.2\extentreports-2.41.2.jar;C:\Users\ahmed\.m2\repository\org\xerial\sqlite-jdbc\3.8.11.1\sqlite-jdbc-3.8.11.1.jar;C:\Users\ahmed\.m2\repository\commons-io\commons-io\2.6\commons-io-2.6.jar;C:\Users\ahmed\.m2\repository\org\apache\poi\poi\3.17\poi-3.17.jar;C:\Users\ahmed\.m2\repository\commons-codec\commons-codec\1.10\commons-codec-1.10.jar;C:\Users\ahmed\.m2\repository\org\apache\commons\commons-collections4\4.1\commons-collections4-4.1.jar;"/>
    <property name="sun.cpu.endian" value="little"/>
    <property name="user.home" value="C:\Users\ahmed"/>
    <property name="user.language" value="en"/>
    <property name="java.specification.vendor" value="Oracle Corporation"/>
    <property name="java.version.date" value="2020-07-14"/>
    <property name="java.home" value="C:\Program Files\Java\jdk-11.0.8"/>
    <property name="testng.dtd.http" value="true"/>
    <property name="file.separator" value="\"/>
    <property name="basedir" value="C:\WebAhmed1\nike"/>
    <property name="java.vm.compressedOopsMode" value="Zero based"/>
    <property name="line.separator" value="&#10;"/>
    <property name="java.specification.name" value="Java Platform API Specification"/>
    <property name="java.vm.specification.vendor" value="Oracle Corporation"/>
    <property name="java.awt.graphicsenv" value="sun.awt.Win32GraphicsEnvironment"/>
    <property name="surefire.real.class.path" value="C:\Users\ahmed\AppData\Local\Temp\surefire12302215405920081845\surefirebooter7323675236042708573.jar"/>
    <property name="user.script" value=""/>
    <property name="sun.management.compiler" value="HotSpot 64-Bit Tiered Compilers"/>
    <property name="java.runtime.version" value="11.0.8+10-LTS"/>
    <property name="user.name" value="ahmed"/>
    <property name="path.separator" value=";"/>
    <property name="os.version" value="10.0"/>
    <property name="java.runtime.name" value="Java(TM) SE Runtime Environment"/>
    <property name="file.encoding" value="Cp1252"/>
    <property name="java.vm.name" value="Java HotSpot(TM) 64-Bit Server VM"/>
    <property name="java.vendor.version" value="18.9"/>
    <property name="localRepository" value="C:\Users\ahmed\.m2\repository"/>
    <property name="java.vendor.url.bug" value="https://bugreport.java.com/bugreport/"/>
    <property name="java.io.tmpdir" value="C:\Users\ahmed\AppData\Local\Temp\"/>
    <property name="java.version" value="11.0.8"/>
    <property name="user.dir" value="C:\WebAhmed1\nike"/>
    <property name="os.arch" value="amd64"/>
    <property name="java.vm.specification.name" value="Java Virtual Machine Specification"/>
    <property name="java.awt.printerjob" value="sun.awt.windows.WPrinterJob"/>
    <property name="sun.os.patch.level" value=""/>
    <property name="java.library.path" value="C:\Program Files\Java\jdk-11.0.8\bin;C:\Windows\Sun\Java\bin;C:\Windows\system32;C:\Windows;C:\Program Files\Common Files\Oracle\Java\javapath;C:\Windows\system32;C:\Windows;C:\Windows\System32\Wbem;C:\Windows\System32\WindowsPowerShell\v1.0\;C:\Windows\System32\OpenSSH\;C:\Program Files\Java\jdk-11.0.8\bin;C:\Program Files\Java\jdk-11.0.8;C:\Program Files\Git\cmd;C:\Program Files\apache-maven-3.6.3-bin\bin;C:\Program Files\MySQL\MySQL Shell 8.0\bin\;C:\Users\ahmed\AppData\Local\Microsoft\WindowsApps;C:\Users\ahmed\AppData\Local\GitHubDesktop\bin;."/>
    <property name="java.vendor" value="Oracle Corporation"/>
    <property name="java.vm.info" value="mixed mode"/>
    <property name="java.vm.version" value="11.0.8+10-LTS"/>
    <property name="sun.io.unicode.encoding" value="UnicodeLittle"/>
    <property name="java.class.version" value="55.0"/>
  </properties>
  <testcase name="setupDriver" classname="com.niketest.HelpPageValidations" time="14.528">
    <failure message="session not created&#10;from chrome not reachable&#10;  (Session info: chrome=86.0.4240.198)&#10;Build info: version: &apos;3.141.59&apos;, revision: &apos;e82be7d358&apos;, time: &apos;2018-11-14T08:17:03&apos;&#10;System info: host: &apos;DESKTOP-E8F4LHE&apos;, ip: &apos;192.168.1.18&apos;, os.name: &apos;Windows 10&apos;, os.arch: &apos;amd64&apos;, os.version: &apos;10.0&apos;, java.version: &apos;11.0.8&apos;&#10;Driver info: driver.version: ChromeDriver&#10;remote stacktrace: Backtrace:&#10;	Ordinal0 [0x009BC013+3194899]&#10;	Ordinal0 [0x008A6021+2056225]&#10;	Ordinal0 [0x0073F4B0+586928]&#10;	Ordinal0 [0x00735894+546964]&#10;	Ordinal0 [0x00735F2C+548652]&#10;	Ordinal0 [0x00737175+553333]&#10;	Ordinal0 [0x0073241E+533534]&#10;	Ordinal0 [0x00740620+591392]&#10;	Ordinal0 [0x006E2A0C+207372]&#10;	Ordinal0 [0x006E1D0D+204045]&#10;	Ordinal0 [0x006DFC1B+195611]&#10;	Ordinal0 [0x006C3B7F+80767]&#10;	Ordinal0 [0x006C4B4E+84814]&#10;	Ordinal0 [0x006C4AD9+84697]&#10;	Ordinal0 [0x008BCE64+2149988]&#10;	GetHandleVerifier [0x00B2BE95+1400773]&#10;	GetHandleVerifier [0x00B2BB61+1399953]&#10;	GetHandleVerifier [0x00B331FA+1430314]&#10;	GetHandleVerifier [0x00B2C69F+1402831]&#10;	Ordinal0 [0x008B3D61+2112865]&#10;	Ordinal0 [0x008BE5CB+2155979]&#10;	Ordinal0 [0x008BE6F5+2156277]&#10;	Ordinal0 [0x008CF26E+2224750]&#10;	BaseThreadInitThunk [0x753F6359+25]&#10;	RtlGetAppContainerNamedObjectPath [0x778D8944+228]&#10;	RtlGetAppContainerNamedObjectPath [0x778D8914+180]&#10;" type="org.openqa.selenium.SessionNotCreatedException">org.openqa.selenium.SessionNotCreatedException: 
session not created
from chrome not reachable
  (Session info: chrome=86.0.4240.198)
Build info: version: '3.141.59', revision: 'e82be7d358', time: '2018-11-14T08:17:03'
System info: host: 'DESKTOP-E8F4LHE', ip: '192.168.1.18', os.name: 'Windows 10', os.arch: 'amd64', os.version: '10.0', java.version: '11.0.8'
Driver info: driver.version: ChromeDriver
remote stacktrace: Backtrace:
	Ordinal0 [0x009BC013+3194899]
	Ordinal0 [0x008A6021+2056225]
	Ordinal0 [0x0073F4B0+586928]
	Ordinal0 [0x00735894+546964]
	Ordinal0 [0x00735F2C+548652]
	Ordinal0 [0x00737175+553333]
	Ordinal0 [0x0073241E+533534]
	Ordinal0 [0x00740620+591392]
	Ordinal0 [0x006E2A0C+207372]
	Ordinal0 [0x006E1D0D+204045]
	Ordinal0 [0x006DFC1B+195611]
	Ordinal0 [0x006C3B7F+80767]
	Ordinal0 [0x006C4B4E+84814]
	Ordinal0 [0x006C4AD9+84697]
	Ordinal0 [0x008BCE64+2149988]
	GetHandleVerifier [0x00B2BE95+1400773]
	GetHandleVerifier [0x00B2BB61+1399953]
	GetHandleVerifier [0x00B331FA+1430314]
	GetHandleVerifier [0x00B2C69F+1402831]
	Ordinal0 [0x008B3D61+2112865]
	Ordinal0 [0x008BE5CB+2155979]
	Ordinal0 [0x008BE6F5+2156277]
	Ordinal0 [0x008CF26E+2224750]
	BaseThreadInitThunk [0x753F6359+25]
	RtlGetAppContainerNamedObjectPath [0x778D8944+228]
	RtlGetAppContainerNamedObjectPath [0x778D8914+180]

</failure>
    <system-out><![CDATA[[TestNGContentHandler] [WARN] It is strongly recommended to add "<!DOCTYPE suite SYSTEM "https://testng.org/testng-1.0.dtd" >" at the top of your file, otherwise TestNG may fail or not work as expected.
Extent Report DirectoryC:\WebAhmed1\nike\target\surefire-reports\html
]]></system-out>
    <system-err><![CDATA[Starting ChromeDriver 86.0.4240.22 (398b0743353ff36fb1b82468f63a3a93b4e2e89e-refs/branch-heads/4240@{#378}) on port 11096
Only local connections are allowed.
Please see https://chromedriver.chromium.org/security-considerations for suggestions on keeping ChromeDriver safe.
ChromeDriver was started successfully.
[1607180065.271][WARNING]: Timed out connecting to Chrome, retrying...
]]></system-err>
  </testcase>
  <testcase name="setupDriver" classname="com.niketest.HelpPageValidations" time="0">
    <skipped/>
  </testcase>
  <testcase name="startExtent" classname="com.niketest.HelpPageValidations" time="0">
    <skipped/>
  </testcase>
  <testcase name="startExtent" classname="com.niketest.HelpPageValidations" time="0">
    <skipped/>
  </testcase>
  <testcase name="validateUserBeingAleToMoveMoseHoverToPrivacyPolicy" classname="com.niketest.HelpPageValidations" time="0">
    <skipped message="session not created&#10;from chrome not reachable&#10;  (Session info: chrome=86.0.4240.198)&#10;Build info: version: &apos;3.141.59&apos;, revision: &apos;e82be7d358&apos;, time: &apos;2018-11-14T08:17:03&apos;&#10;System info: host: &apos;DESKTOP-E8F4LHE&apos;, ip: &apos;192.168.1.18&apos;, os.name: &apos;Windows 10&apos;, os.arch: &apos;amd64&apos;, os.version: &apos;10.0&apos;, java.version: &apos;11.0.8&apos;&#10;Driver info: driver.version: ChromeDriver&#10;remote stacktrace: Backtrace:&#10;	Ordinal0 [0x009BC013+3194899]&#10;	Ordinal0 [0x008A6021+2056225]&#10;	Ordinal0 [0x0073F4B0+586928]&#10;	Ordinal0 [0x00735894+546964]&#10;	Ordinal0 [0x00735F2C+548652]&#10;	Ordinal0 [0x00737175+553333]&#10;	Ordinal0 [0x0073241E+533534]&#10;	Ordinal0 [0x00740620+591392]&#10;	Ordinal0 [0x006E2A0C+207372]&#10;	Ordinal0 [0x006E1D0D+204045]&#10;	Ordinal0 [0x006DFC1B+195611]&#10;	Ordinal0 [0x006C3B7F+80767]&#10;	Ordinal0 [0x006C4B4E+84814]&#10;	Ordinal0 [0x006C4AD9+84697]&#10;	Ordinal0 [0x008BCE64+2149988]&#10;	GetHandleVerifier [0x00B2BE95+1400773]&#10;	GetHandleVerifier [0x00B2BB61+1399953]&#10;	GetHandleVerifier [0x00B331FA+1430314]&#10;	GetHandleVerifier [0x00B2C69F+1402831]&#10;	Ordinal0 [0x008B3D61+2112865]&#10;	Ordinal0 [0x008BE5CB+2155979]&#10;	Ordinal0 [0x008BE6F5+2156277]&#10;	Ordinal0 [0x008CF26E+2224750]&#10;	BaseThreadInitThunk [0x753F6359+25]&#10;	RtlGetAppContainerNamedObjectPath [0x778D8944+228]&#10;	RtlGetAppContainerNamedObjectPath [0x778D8914+180]&#10;"/>
  </testcase>
  <testcase name="afterEachTestMethod" classname="com.niketest.HelpPageValidations" time="0">
    <skipped/>
  </testcase>
  <testcase name="afterEachTestMethod" classname="com.niketest.HelpPageValidations" time="0">
    <skipped/>
  </testcase>
  <testcase name="cleanUp" classname="com.niketest.HelpPageValidations" time="0">
    <skipped/>
  </testcase>
  <testcase name="cleanUp" classname="com.niketest.HelpPageValidations" time="0">
    <skipped/>
  </testcase>
  <testcase name="validateUserBeingAleToTypeOnSearchBar" classname="com.niketest.HelpPageValidations" time="0">
    <skipped message="session not created&#10;from chrome not reachable&#10;  (Session info: chrome=86.0.4240.198)&#10;Build info: version: &apos;3.141.59&apos;, revision: &apos;e82be7d358&apos;, time: &apos;2018-11-14T08:17:03&apos;&#10;System info: host: &apos;DESKTOP-E8F4LHE&apos;, ip: &apos;192.168.1.18&apos;, os.name: &apos;Windows 10&apos;, os.arch: &apos;amd64&apos;, os.version: &apos;10.0&apos;, java.version: &apos;11.0.8&apos;&#10;Driver info: driver.version: ChromeDriver&#10;remote stacktrace: Backtrace:&#10;	Ordinal0 [0x009BC013+3194899]&#10;	Ordinal0 [0x008A6021+2056225]&#10;	Ordinal0 [0x0073F4B0+586928]&#10;	Ordinal0 [0x00735894+546964]&#10;	Ordinal0 [0x00735F2C+548652]&#10;	Ordinal0 [0x00737175+553333]&#10;	Ordinal0 [0x0073241E+533534]&#10;	Ordinal0 [0x00740620+591392]&#10;	Ordinal0 [0x006E2A0C+207372]&#10;	Ordinal0 [0x006E1D0D+204045]&#10;	Ordinal0 [0x006DFC1B+195611]&#10;	Ordinal0 [0x006C3B7F+80767]&#10;	Ordinal0 [0x006C4B4E+84814]&#10;	Ordinal0 [0x006C4AD9+84697]&#10;	Ordinal0 [0x008BCE64+2149988]&#10;	GetHandleVerifier [0x00B2BE95+1400773]&#10;	GetHandleVerifier [0x00B2BB61+1399953]&#10;	GetHandleVerifier [0x00B331FA+1430314]&#10;	GetHandleVerifier [0x00B2C69F+1402831]&#10;	Ordinal0 [0x008B3D61+2112865]&#10;	Ordinal0 [0x008BE5CB+2155979]&#10;	Ordinal0 [0x008BE6F5+2156277]&#10;	Ordinal0 [0x008CF26E+2224750]&#10;	BaseThreadInitThunk [0x753F6359+25]&#10;	RtlGetAppContainerNamedObjectPath [0x778D8944+228]&#10;	RtlGetAppContainerNamedObjectPath [0x778D8914+180]&#10;"/>
  </testcase>
</testsuite>