<?xml version="1.0" encoding="UTF-8"?>
<testng-results ignored="28" total="30" passed="0" failed="0" skipped="2">
  <reporter-output>
    <line>
      <![CDATA[Extent Report DirectoryC:\WebAhmed1\nike\target\surefire-reports\html]]>
    </line>
  </reporter-output>
  <suite started-at="2020-12-05T06:54:19 PST" name="Selenium Test Suite" finished-at="2020-12-05T06:54:33 PST" duration-ms="13383">
    <groups>
    </groups>
    <test started-at="2020-12-05T06:54:19 PST" name="Automation tests" finished-at="2020-12-05T06:54:33 PST" duration-ms="13383">
      <class name="com.niketest.HelpPageValidations">
        <test-method is-config="true" signature="setupDriver(java.lang.String, java.lang.String, java.lang.String, boolean, java.lang.String, java.lang.String)[pri:0, instance:com.niketest.HelpPageValidations@265adfad]" started-at="2020-12-05T06:54:19 PST" name="setupDriver" finished-at="2020-12-05T06:54:33 PST" duration-ms="13348" status="FAIL">
          <params>
            <param index="0">
              <value>
                <![CDATA[windows]]>
              </value>
            </param>
            <param index="1">
              <value>
                <![CDATA[https://www.nike.com/]]>
              </value>
            </param>
            <param index="2">
              <value>
                <![CDATA[chrome]]>
              </value>
            </param>
            <param index="3">
              <value>
                <![CDATA[false]]>
              </value>
            </param>
            <param index="4">
              <value>
                <![CDATA[85.0]]>
              </value>
            </param>
            <param index="5">
              <value>
                <![CDATA[browserstack]]>
              </value>
            </param>
          </params>
          <exception class="org.openqa.selenium.SessionNotCreatedException">
            <message>
              <![CDATA[session not created
from chrome not reachable
  (Session info: chrome=86.0.4240.198)
Build info: version: '3.141.59', revision: 'e82be7d358', time: '2018-11-14T08:17:03'
System info: host: 'DESKTOP-E8F4LHE', ip: '192.168.1.18', os.name: 'Windows 10', os.arch: 'amd64', os.version: '10.0', java.version: '11.0.8'
Driver info: driver.version: ChromeDriver
remote stacktrace: Backtrace:
Ordinal0 [0x009BC013+3194899]
Ordinal0 [0x008A6021+2056225]
Ordinal0 [0x0073F4B0+586928]
Ordinal0 [0x00735894+546964]
Ordinal0 [0x00735F2C+548652]
Ordinal0 [0x00737175+553333]
Ordinal0 [0x0073241E+533534]
Ordinal0 [0x00740620+591392]
Ordinal0 [0x006E2A0C+207372]
Ordinal0 [0x006E1D0D+204045]
Ordinal0 [0x006DFC1B+195611]
Ordinal0 [0x006C3B7F+80767]
Ordinal0 [0x006C4B4E+84814]
Ordinal0 [0x006C4AD9+84697]
Ordinal0 [0x008BCE64+2149988]
GetHandleVerifier [0x00B2BE95+1400773]
GetHandleVerifier [0x00B2BB61+1399953]
GetHandleVerifier [0x00B331FA+1430314]
GetHandleVerifier [0x00B2C69F+1402831]
Ordinal0 [0x008B3D61+2112865]
Ordinal0 [0x008BE5CB+2155979]
Ordinal0 [0x008BE6F5+2156277]
Ordinal0 [0x008CF26E+2224750]
BaseThreadInitThunk [0x753F6359+25]
RtlGetAppContainerNamedObjectPath [0x778D8944+228]
RtlGetAppContainerNamedObjectPath [0x778D8914+180]
]]>
            </message>
            <full-stacktrace>
              <![CDATA[org.openqa.selenium.SessionNotCreatedException: session not created
from chrome not reachable
  (Session info: chrome=86.0.4240.198)
Build info: version: '3.141.59', revision: 'e82be7d358', time: '2018-11-14T08:17:03'
System info: host: 'DESKTOP-E8F4LHE', ip: '192.168.1.18', os.name: 'Windows 10', os.arch: 'amd64', os.version: '10.0', java.version: '11.0.8'
Driver info: driver.version: ChromeDriver
remote stacktrace: Backtrace:
Ordinal0 [0x009BC013+3194899]
Ordinal0 [0x008A6021+2056225]
Ordinal0 [0x0073F4B0+586928]
Ordinal0 [0x00735894+546964]
Ordinal0 [0x00735F2C+548652]
Ordinal0 [0x00737175+553333]
Ordinal0 [0x0073241E+533534]
Ordinal0 [0x00740620+591392]
Ordinal0 [0x006E2A0C+207372]
Ordinal0 [0x006E1D0D+204045]
Ordinal0 [0x006DFC1B+195611]
Ordinal0 [0x006C3B7F+80767]
Ordinal0 [0x006C4B4E+84814]
Ordinal0 [0x006C4AD9+84697]
Ordinal0 [0x008BCE64+2149988]
GetHandleVerifier [0x00B2BE95+1400773]
GetHandleVerifier [0x00B2BB61+1399953]
GetHandleVerifier [0x00B331FA+1430314]
GetHandleVerifier [0x00B2C69F+1402831]
Ordinal0 [0x008B3D61+2112865]
Ordinal0 [0x008BE5CB+2155979]
Ordinal0 [0x008BE6F5+2156277]
Ordinal0 [0x008CF26E+2224750]
BaseThreadInitThunk [0x753F6359+25]
RtlGetAppContainerNamedObjectPath [0x778D8944+228]
RtlGetAppContainerNamedObjectPath [0x778D8914+180]

at java.base/jdk.internal.reflect.NativeConstructorAccessorImpl.newInstance0(Native Method)
at java.base/jdk.internal.reflect.NativeConstructorAccessorImpl.newInstance(NativeConstructorAccessorImpl.java:62)
at java.base/jdk.internal.reflect.DelegatingConstructorAccessorImpl.newInstance(DelegatingConstructorAccessorImpl.java:45)
at java.base/java.lang.reflect.Constructor.newInstance(Constructor.java:490)
at org.openqa.selenium.remote.W3CHandshakeResponse.lambda$errorHandler$0(W3CHandshakeResponse.java:62)
at org.openqa.selenium.remote.HandshakeResponse.lambda$getResponseFunction$0(HandshakeResponse.java:30)
at org.openqa.selenium.remote.ProtocolHandshake.lambda$createSession$0(ProtocolHandshake.java:126)
at java.base/java.util.stream.ReferencePipeline$3$1.accept(ReferencePipeline.java:195)
at java.base/java.util.Spliterators$ArraySpliterator.tryAdvance(Spliterators.java:958)
at java.base/java.util.stream.ReferencePipeline.forEachWithCancel(ReferencePipeline.java:127)
at java.base/java.util.stream.AbstractPipeline.copyIntoWithCancel(AbstractPipeline.java:502)
at java.base/java.util.stream.AbstractPipeline.copyInto(AbstractPipeline.java:488)
at java.base/java.util.stream.AbstractPipeline.wrapAndCopyInto(AbstractPipeline.java:474)
at java.base/java.util.stream.FindOps$FindOp.evaluateSequential(FindOps.java:150)
at java.base/java.util.stream.AbstractPipeline.evaluate(AbstractPipeline.java:234)
at java.base/java.util.stream.ReferencePipeline.findFirst(ReferencePipeline.java:543)
at org.openqa.selenium.remote.ProtocolHandshake.createSession(ProtocolHandshake.java:128)
at org.openqa.selenium.remote.ProtocolHandshake.createSession(ProtocolHandshake.java:74)
at org.openqa.selenium.remote.HttpCommandExecutor.execute(HttpCommandExecutor.java:136)
at org.openqa.selenium.remote.service.DriverCommandExecutor.execute(DriverCommandExecutor.java:83)
at org.openqa.selenium.remote.RemoteWebDriver.execute(RemoteWebDriver.java:552)
at org.openqa.selenium.remote.RemoteWebDriver.startSession(RemoteWebDriver.java:213)
at org.openqa.selenium.remote.RemoteWebDriver.<init>(RemoteWebDriver.java:131)
at org.openqa.selenium.chrome.ChromeDriver.<init>(ChromeDriver.java:181)
at org.openqa.selenium.chrome.ChromeDriver.<init>(ChromeDriver.java:168)
at org.openqa.selenium.chrome.ChromeDriver.<init>(ChromeDriver.java:123)
at com.base.TestBase.getLocalDriver(TestBase.java:82)
at com.base.TestBase.setupDriver(TestBase.java:63)
at java.base/jdk.internal.reflect.NativeMethodAccessorImpl.invoke0(Native Method)
at java.base/jdk.internal.reflect.NativeMethodAccessorImpl.invoke(NativeMethodAccessorImpl.java:62)
at java.base/jdk.internal.reflect.DelegatingMethodAccessorImpl.invoke(DelegatingMethodAccessorImpl.java:43)
at java.base/java.lang.reflect.Method.invoke(Method.java:566)
at org.testng.internal.MethodInvocationHelper.invokeMethod(MethodInvocationHelper.java:132)
at org.testng.internal.MethodInvocationHelper.invokeMethodConsideringTimeout(MethodInvocationHelper.java:61)
at org.testng.internal.ConfigInvoker.invokeConfigurationMethod(ConfigInvoker.java:366)
at org.testng.internal.ConfigInvoker.invokeConfigurations(ConfigInvoker.java:320)
at org.testng.internal.TestInvoker.runConfigMethods(TestInvoker.java:701)
at org.testng.internal.TestInvoker.invokeMethod(TestInvoker.java:527)
at org.testng.internal.TestInvoker.invokeTestMethod(TestInvoker.java:174)
at org.testng.internal.MethodRunner.runInSequence(MethodRunner.java:46)
at org.testng.internal.TestInvoker$MethodInvocationAgent.invoke(TestInvoker.java:822)
at org.testng.internal.TestInvoker.invokeTestMethods(TestInvoker.java:147)
at org.testng.internal.TestMethodWorker.invokeTestMethods(TestMethodWorker.java:146)
at org.testng.internal.TestMethodWorker.run(TestMethodWorker.java:128)
at java.base/java.util.ArrayList.forEach(ArrayList.java:1541)
at org.testng.TestRunner.privateRun(TestRunner.java:764)
at org.testng.TestRunner.run(TestRunner.java:585)
at org.testng.SuiteRunner.runTest(SuiteRunner.java:384)
at org.testng.SuiteRunner.runSequentially(SuiteRunner.java:378)
at org.testng.SuiteRunner.privateRun(SuiteRunner.java:337)
at org.testng.SuiteRunner.run(SuiteRunner.java:286)
at org.testng.SuiteRunnerWorker.runSuite(SuiteRunnerWorker.java:53)
at org.testng.SuiteRunnerWorker.run(SuiteRunnerWorker.java:96)
at org.testng.TestNG.runSuitesSequentially(TestNG.java:1218)
at org.testng.TestNG.runSuitesLocally(TestNG.java:1140)
at org.testng.TestNG.runSuites(TestNG.java:1069)
at org.testng.TestNG.run(TestNG.java:1037)
at org.apache.maven.surefire.testng.TestNGExecutor.run(TestNGExecutor.java:283)
at org.apache.maven.surefire.testng.TestNGXmlTestSuite.execute(TestNGXmlTestSuite.java:75)
at org.apache.maven.surefire.testng.TestNGProvider.invoke(TestNGProvider.java:120)
at org.apache.maven.surefire.booter.ForkedBooter.invokeProviderInSameClassLoader(ForkedBooter.java:384)
at org.apache.maven.surefire.booter.ForkedBooter.runSuitesInProcess(ForkedBooter.java:345)
at org.apache.maven.surefire.booter.ForkedBooter.execute(ForkedBooter.java:126)
at org.apache.maven.surefire.booter.ForkedBooter.main(ForkedBooter.java:418)
]]>
            </full-stacktrace>
          </exception> <!-- org.openqa.selenium.SessionNotCreatedException -->
          <reporter-output>
          </reporter-output>
        </test-method> <!-- setupDriver -->
        <test-method is-config="true" signature="startExtent(java.lang.reflect.Method)[pri:0, instance:com.niketest.HelpPageValidations@265adfad]" started-at="2020-12-05T06:54:33 PST" name="startExtent" finished-at="1969-12-31T16:00:00 PST" duration-ms="-1607180073308" status="SKIP">
          <reporter-output>
          </reporter-output>
        </test-method> <!-- startExtent -->
        <test-method signature="validateUserBeingAleToMoveMoseHoverToPrivacyPolicy()[pri:0, instance:com.niketest.HelpPageValidations@265adfad]" started-at="2020-12-05T06:54:33 PST" name="validateUserBeingAleToMoveMoseHoverToPrivacyPolicy" finished-at="2020-12-05T06:54:33 PST" duration-ms="0" status="SKIP">
          <exception class="org.openqa.selenium.SessionNotCreatedException">
            <message>
              <![CDATA[session not created
from chrome not reachable
  (Session info: chrome=86.0.4240.198)
Build info: version: '3.141.59', revision: 'e82be7d358', time: '2018-11-14T08:17:03'
System info: host: 'DESKTOP-E8F4LHE', ip: '192.168.1.18', os.name: 'Windows 10', os.arch: 'amd64', os.version: '10.0', java.version: '11.0.8'
Driver info: driver.version: ChromeDriver
remote stacktrace: Backtrace:
Ordinal0 [0x009BC013+3194899]
Ordinal0 [0x008A6021+2056225]
Ordinal0 [0x0073F4B0+586928]
Ordinal0 [0x00735894+546964]
Ordinal0 [0x00735F2C+548652]
Ordinal0 [0x00737175+553333]
Ordinal0 [0x0073241E+533534]
Ordinal0 [0x00740620+591392]
Ordinal0 [0x006E2A0C+207372]
Ordinal0 [0x006E1D0D+204045]
Ordinal0 [0x006DFC1B+195611]
Ordinal0 [0x006C3B7F+80767]
Ordinal0 [0x006C4B4E+84814]
Ordinal0 [0x006C4AD9+84697]
Ordinal0 [0x008BCE64+2149988]
GetHandleVerifier [0x00B2BE95+1400773]
GetHandleVerifier [0x00B2BB61+1399953]
GetHandleVerifier [0x00B331FA+1430314]
GetHandleVerifier [0x00B2C69F+1402831]
Ordinal0 [0x008B3D61+2112865]
Ordinal0 [0x008BE5CB+2155979]
Ordinal0 [0x008BE6F5+2156277]
Ordinal0 [0x008CF26E+2224750]
BaseThreadInitThunk [0x753F6359+25]
RtlGetAppContainerNamedObjectPath [0x778D8944+228]
RtlGetAppContainerNamedObjectPath [0x778D8914+180]
]]>
            </message>
            <full-stacktrace>
              <![CDATA[org.openqa.selenium.SessionNotCreatedException: session not created
from chrome not reachable
  (Session info: chrome=86.0.4240.198)
Build info: version: '3.141.59', revision: 'e82be7d358', time: '2018-11-14T08:17:03'
System info: host: 'DESKTOP-E8F4LHE', ip: '192.168.1.18', os.name: 'Windows 10', os.arch: 'amd64', os.version: '10.0', java.version: '11.0.8'
Driver info: driver.version: ChromeDriver
remote stacktrace: Backtrace:
Ordinal0 [0x009BC013+3194899]
Ordinal0 [0x008A6021+2056225]
Ordinal0 [0x0073F4B0+586928]
Ordinal0 [0x00735894+546964]
Ordinal0 [0x00735F2C+548652]
Ordinal0 [0x00737175+553333]
Ordinal0 [0x0073241E+533534]
Ordinal0 [0x00740620+591392]
Ordinal0 [0x006E2A0C+207372]
Ordinal0 [0x006E1D0D+204045]
Ordinal0 [0x006DFC1B+195611]
Ordinal0 [0x006C3B7F+80767]
Ordinal0 [0x006C4B4E+84814]
Ordinal0 [0x006C4AD9+84697]
Ordinal0 [0x008BCE64+2149988]
GetHandleVerifier [0x00B2BE95+1400773]
GetHandleVerifier [0x00B2BB61+1399953]
GetHandleVerifier [0x00B331FA+1430314]
GetHandleVerifier [0x00B2C69F+1402831]
Ordinal0 [0x008B3D61+2112865]
Ordinal0 [0x008BE5CB+2155979]
Ordinal0 [0x008BE6F5+2156277]
Ordinal0 [0x008CF26E+2224750]
BaseThreadInitThunk [0x753F6359+25]
RtlGetAppContainerNamedObjectPath [0x778D8944+228]
RtlGetAppContainerNamedObjectPath [0x778D8914+180]

at java.base/jdk.internal.reflect.NativeConstructorAccessorImpl.newInstance0(Native Method)
at java.base/jdk.internal.reflect.NativeConstructorAccessorImpl.newInstance(NativeConstructorAccessorImpl.java:62)
at java.base/jdk.internal.reflect.DelegatingConstructorAccessorImpl.newInstance(DelegatingConstructorAccessorImpl.java:45)
at java.base/java.lang.reflect.Constructor.newInstance(Constructor.java:490)
at org.openqa.selenium.remote.W3CHandshakeResponse.lambda$errorHandler$0(W3CHandshakeResponse.java:62)
at org.openqa.selenium.remote.HandshakeResponse.lambda$getResponseFunction$0(HandshakeResponse.java:30)
at org.openqa.selenium.remote.ProtocolHandshake.lambda$createSession$0(ProtocolHandshake.java:126)
at java.base/java.util.stream.ReferencePipeline$3$1.accept(ReferencePipeline.java:195)
at java.base/java.util.Spliterators$ArraySpliterator.tryAdvance(Spliterators.java:958)
at java.base/java.util.stream.ReferencePipeline.forEachWithCancel(ReferencePipeline.java:127)
at java.base/java.util.stream.AbstractPipeline.copyIntoWithCancel(AbstractPipeline.java:502)
at java.base/java.util.stream.AbstractPipeline.copyInto(AbstractPipeline.java:488)
at java.base/java.util.stream.AbstractPipeline.wrapAndCopyInto(AbstractPipeline.java:474)
at java.base/java.util.stream.FindOps$FindOp.evaluateSequential(FindOps.java:150)
at java.base/java.util.stream.AbstractPipeline.evaluate(AbstractPipeline.java:234)
at java.base/java.util.stream.ReferencePipeline.findFirst(ReferencePipeline.java:543)
at org.openqa.selenium.remote.ProtocolHandshake.createSession(ProtocolHandshake.java:128)
at org.openqa.selenium.remote.ProtocolHandshake.createSession(ProtocolHandshake.java:74)
at org.openqa.selenium.remote.HttpCommandExecutor.execute(HttpCommandExecutor.java:136)
at org.openqa.selenium.remote.service.DriverCommandExecutor.execute(DriverCommandExecutor.java:83)
at org.openqa.selenium.remote.RemoteWebDriver.execute(RemoteWebDriver.java:552)
at org.openqa.selenium.remote.RemoteWebDriver.startSession(RemoteWebDriver.java:213)
at org.openqa.selenium.remote.RemoteWebDriver.<init>(RemoteWebDriver.java:131)
at org.openqa.selenium.chrome.ChromeDriver.<init>(ChromeDriver.java:181)
at org.openqa.selenium.chrome.ChromeDriver.<init>(ChromeDriver.java:168)
at org.openqa.selenium.chrome.ChromeDriver.<init>(ChromeDriver.java:123)
at com.base.TestBase.getLocalDriver(TestBase.java:82)
at com.base.TestBase.setupDriver(TestBase.java:63)
at java.base/jdk.internal.reflect.NativeMethodAccessorImpl.invoke0(Native Method)
at java.base/jdk.internal.reflect.NativeMethodAccessorImpl.invoke(NativeMethodAccessorImpl.java:62)
at java.base/jdk.internal.reflect.DelegatingMethodAccessorImpl.invoke(DelegatingMethodAccessorImpl.java:43)
at java.base/java.lang.reflect.Method.invoke(Method.java:566)
at org.testng.internal.MethodInvocationHelper.invokeMethod(MethodInvocationHelper.java:132)
at org.testng.internal.MethodInvocationHelper.invokeMethodConsideringTimeout(MethodInvocationHelper.java:61)
at org.testng.internal.ConfigInvoker.invokeConfigurationMethod(ConfigInvoker.java:366)
at org.testng.internal.ConfigInvoker.invokeConfigurations(ConfigInvoker.java:320)
at org.testng.internal.TestInvoker.runConfigMethods(TestInvoker.java:701)
at org.testng.internal.TestInvoker.invokeMethod(TestInvoker.java:527)
at org.testng.internal.TestInvoker.invokeTestMethod(TestInvoker.java:174)
at org.testng.internal.MethodRunner.runInSequence(MethodRunner.java:46)
at org.testng.internal.TestInvoker$MethodInvocationAgent.invoke(TestInvoker.java:822)
at org.testng.internal.TestInvoker.invokeTestMethods(TestInvoker.java:147)
at org.testng.internal.TestMethodWorker.invokeTestMethods(TestMethodWorker.java:146)
at org.testng.internal.TestMethodWorker.run(TestMethodWorker.java:128)
at java.base/java.util.ArrayList.forEach(ArrayList.java:1541)
at org.testng.TestRunner.privateRun(TestRunner.java:764)
at org.testng.TestRunner.run(TestRunner.java:585)
at org.testng.SuiteRunner.runTest(SuiteRunner.java:384)
at org.testng.SuiteRunner.runSequentially(SuiteRunner.java:378)
at org.testng.SuiteRunner.privateRun(SuiteRunner.java:337)
at org.testng.SuiteRunner.run(SuiteRunner.java:286)
at org.testng.SuiteRunnerWorker.runSuite(SuiteRunnerWorker.java:53)
at org.testng.SuiteRunnerWorker.run(SuiteRunnerWorker.java:96)
at org.testng.TestNG.runSuitesSequentially(TestNG.java:1218)
at org.testng.TestNG.runSuitesLocally(TestNG.java:1140)
at org.testng.TestNG.runSuites(TestNG.java:1069)
at org.testng.TestNG.run(TestNG.java:1037)
at org.apache.maven.surefire.testng.TestNGExecutor.run(TestNGExecutor.java:283)
at org.apache.maven.surefire.testng.TestNGXmlTestSuite.execute(TestNGXmlTestSuite.java:75)
at org.apache.maven.surefire.testng.TestNGProvider.invoke(TestNGProvider.java:120)
at org.apache.maven.surefire.booter.ForkedBooter.invokeProviderInSameClassLoader(ForkedBooter.java:384)
at org.apache.maven.surefire.booter.ForkedBooter.runSuitesInProcess(ForkedBooter.java:345)
at org.apache.maven.surefire.booter.ForkedBooter.execute(ForkedBooter.java:126)
at org.apache.maven.surefire.booter.ForkedBooter.main(ForkedBooter.java:418)
]]>
            </full-stacktrace>
          </exception> <!-- org.openqa.selenium.SessionNotCreatedException -->
          <reporter-output>
          </reporter-output>
        </test-method> <!-- validateUserBeingAleToMoveMoseHoverToPrivacyPolicy -->
        <test-method is-config="true" signature="afterEachTestMethod(org.testng.ITestResult)[pri:0, instance:com.niketest.HelpPageValidations@265adfad]" started-at="2020-12-05T06:54:33 PST" name="afterEachTestMethod" finished-at="1969-12-31T16:00:00 PST" duration-ms="-1607180073310" status="SKIP">
          <reporter-output>
          </reporter-output>
        </test-method> <!-- afterEachTestMethod -->
        <test-method is-config="true" signature="cleanUp()[pri:0, instance:com.niketest.HelpPageValidations@265adfad]" started-at="2020-12-05T06:54:33 PST" name="cleanUp" finished-at="1969-12-31T16:00:00 PST" duration-ms="-1607180073310" status="SKIP">
          <reporter-output>
          </reporter-output>
        </test-method> <!-- cleanUp -->
        <test-method is-config="true" signature="setupDriver(java.lang.String, java.lang.String, java.lang.String, boolean, java.lang.String, java.lang.String)[pri:0, instance:com.niketest.HelpPageValidations@265adfad]" started-at="2020-12-05T06:54:33 PST" name="setupDriver" finished-at="1969-12-31T16:00:00 PST" duration-ms="-1607180073311" status="SKIP">
          <reporter-output>
          </reporter-output>
        </test-method> <!-- setupDriver -->
        <test-method is-config="true" signature="startExtent(java.lang.reflect.Method)[pri:0, instance:com.niketest.HelpPageValidations@265adfad]" started-at="2020-12-05T06:54:33 PST" name="startExtent" finished-at="1969-12-31T16:00:00 PST" duration-ms="-1607180073311" status="SKIP">
          <reporter-output>
          </reporter-output>
        </test-method> <!-- startExtent -->
        <test-method signature="validateUserBeingAleToTypeOnSearchBar()[pri:0, instance:com.niketest.HelpPageValidations@265adfad]" started-at="2020-12-05T06:54:33 PST" name="validateUserBeingAleToTypeOnSearchBar" finished-at="2020-12-05T06:54:33 PST" duration-ms="0" status="SKIP">
          <exception class="org.openqa.selenium.SessionNotCreatedException">
            <message>
              <![CDATA[session not created
from chrome not reachable
  (Session info: chrome=86.0.4240.198)
Build info: version: '3.141.59', revision: 'e82be7d358', time: '2018-11-14T08:17:03'
System info: host: 'DESKTOP-E8F4LHE', ip: '192.168.1.18', os.name: 'Windows 10', os.arch: 'amd64', os.version: '10.0', java.version: '11.0.8'
Driver info: driver.version: ChromeDriver
remote stacktrace: Backtrace:
Ordinal0 [0x009BC013+3194899]
Ordinal0 [0x008A6021+2056225]
Ordinal0 [0x0073F4B0+586928]
Ordinal0 [0x00735894+546964]
Ordinal0 [0x00735F2C+548652]
Ordinal0 [0x00737175+553333]
Ordinal0 [0x0073241E+533534]
Ordinal0 [0x00740620+591392]
Ordinal0 [0x006E2A0C+207372]
Ordinal0 [0x006E1D0D+204045]
Ordinal0 [0x006DFC1B+195611]
Ordinal0 [0x006C3B7F+80767]
Ordinal0 [0x006C4B4E+84814]
Ordinal0 [0x006C4AD9+84697]
Ordinal0 [0x008BCE64+2149988]
GetHandleVerifier [0x00B2BE95+1400773]
GetHandleVerifier [0x00B2BB61+1399953]
GetHandleVerifier [0x00B331FA+1430314]
GetHandleVerifier [0x00B2C69F+1402831]
Ordinal0 [0x008B3D61+2112865]
Ordinal0 [0x008BE5CB+2155979]
Ordinal0 [0x008BE6F5+2156277]
Ordinal0 [0x008CF26E+2224750]
BaseThreadInitThunk [0x753F6359+25]
RtlGetAppContainerNamedObjectPath [0x778D8944+228]
RtlGetAppContainerNamedObjectPath [0x778D8914+180]
]]>
            </message>
            <full-stacktrace>
              <![CDATA[org.openqa.selenium.SessionNotCreatedException: session not created
from chrome not reachable
  (Session info: chrome=86.0.4240.198)
Build info: version: '3.141.59', revision: 'e82be7d358', time: '2018-11-14T08:17:03'
System info: host: 'DESKTOP-E8F4LHE', ip: '192.168.1.18', os.name: 'Windows 10', os.arch: 'amd64', os.version: '10.0', java.version: '11.0.8'
Driver info: driver.version: ChromeDriver
remote stacktrace: Backtrace:
Ordinal0 [0x009BC013+3194899]
Ordinal0 [0x008A6021+2056225]
Ordinal0 [0x0073F4B0+586928]
Ordinal0 [0x00735894+546964]
Ordinal0 [0x00735F2C+548652]
Ordinal0 [0x00737175+553333]
Ordinal0 [0x0073241E+533534]
Ordinal0 [0x00740620+591392]
Ordinal0 [0x006E2A0C+207372]
Ordinal0 [0x006E1D0D+204045]
Ordinal0 [0x006DFC1B+195611]
Ordinal0 [0x006C3B7F+80767]
Ordinal0 [0x006C4B4E+84814]
Ordinal0 [0x006C4AD9+84697]
Ordinal0 [0x008BCE64+2149988]
GetHandleVerifier [0x00B2BE95+1400773]
GetHandleVerifier [0x00B2BB61+1399953]
GetHandleVerifier [0x00B331FA+1430314]
GetHandleVerifier [0x00B2C69F+1402831]
Ordinal0 [0x008B3D61+2112865]
Ordinal0 [0x008BE5CB+2155979]
Ordinal0 [0x008BE6F5+2156277]
Ordinal0 [0x008CF26E+2224750]
BaseThreadInitThunk [0x753F6359+25]
RtlGetAppContainerNamedObjectPath [0x778D8944+228]
RtlGetAppContainerNamedObjectPath [0x778D8914+180]

at java.base/jdk.internal.reflect.NativeConstructorAccessorImpl.newInstance0(Native Method)
at java.base/jdk.internal.reflect.NativeConstructorAccessorImpl.newInstance(NativeConstructorAccessorImpl.java:62)
at java.base/jdk.internal.reflect.DelegatingConstructorAccessorImpl.newInstance(DelegatingConstructorAccessorImpl.java:45)
at java.base/java.lang.reflect.Constructor.newInstance(Constructor.java:490)
at org.openqa.selenium.remote.W3CHandshakeResponse.lambda$errorHandler$0(W3CHandshakeResponse.java:62)
at org.openqa.selenium.remote.HandshakeResponse.lambda$getResponseFunction$0(HandshakeResponse.java:30)
at org.openqa.selenium.remote.ProtocolHandshake.lambda$createSession$0(ProtocolHandshake.java:126)
at java.base/java.util.stream.ReferencePipeline$3$1.accept(ReferencePipeline.java:195)
at java.base/java.util.Spliterators$ArraySpliterator.tryAdvance(Spliterators.java:958)
at java.base/java.util.stream.ReferencePipeline.forEachWithCancel(ReferencePipeline.java:127)
at java.base/java.util.stream.AbstractPipeline.copyIntoWithCancel(AbstractPipeline.java:502)
at java.base/java.util.stream.AbstractPipeline.copyInto(AbstractPipeline.java:488)
at java.base/java.util.stream.AbstractPipeline.wrapAndCopyInto(AbstractPipeline.java:474)
at java.base/java.util.stream.FindOps$FindOp.evaluateSequential(FindOps.java:150)
at java.base/java.util.stream.AbstractPipeline.evaluate(AbstractPipeline.java:234)
at java.base/java.util.stream.ReferencePipeline.findFirst(ReferencePipeline.java:543)
at org.openqa.selenium.remote.ProtocolHandshake.createSession(ProtocolHandshake.java:128)
at org.openqa.selenium.remote.ProtocolHandshake.createSession(ProtocolHandshake.java:74)
at org.openqa.selenium.remote.HttpCommandExecutor.execute(HttpCommandExecutor.java:136)
at org.openqa.selenium.remote.service.DriverCommandExecutor.execute(DriverCommandExecutor.java:83)
at org.openqa.selenium.remote.RemoteWebDriver.execute(RemoteWebDriver.java:552)
at org.openqa.selenium.remote.RemoteWebDriver.startSession(RemoteWebDriver.java:213)
at org.openqa.selenium.remote.RemoteWebDriver.<init>(RemoteWebDriver.java:131)
at org.openqa.selenium.chrome.ChromeDriver.<init>(ChromeDriver.java:181)
at org.openqa.selenium.chrome.ChromeDriver.<init>(ChromeDriver.java:168)
at org.openqa.selenium.chrome.ChromeDriver.<init>(ChromeDriver.java:123)
at com.base.TestBase.getLocalDriver(TestBase.java:82)
at com.base.TestBase.setupDriver(TestBase.java:63)
at java.base/jdk.internal.reflect.NativeMethodAccessorImpl.invoke0(Native Method)
at java.base/jdk.internal.reflect.NativeMethodAccessorImpl.invoke(NativeMethodAccessorImpl.java:62)
at java.base/jdk.internal.reflect.DelegatingMethodAccessorImpl.invoke(DelegatingMethodAccessorImpl.java:43)
at java.base/java.lang.reflect.Method.invoke(Method.java:566)
at org.testng.internal.MethodInvocationHelper.invokeMethod(MethodInvocationHelper.java:132)
at org.testng.internal.MethodInvocationHelper.invokeMethodConsideringTimeout(MethodInvocationHelper.java:61)
at org.testng.internal.ConfigInvoker.invokeConfigurationMethod(ConfigInvoker.java:366)
at org.testng.internal.ConfigInvoker.invokeConfigurations(ConfigInvoker.java:320)
at org.testng.internal.TestInvoker.runConfigMethods(TestInvoker.java:701)
at org.testng.internal.TestInvoker.invokeMethod(TestInvoker.java:527)
at org.testng.internal.TestInvoker.invokeTestMethod(TestInvoker.java:174)
at org.testng.internal.MethodRunner.runInSequence(MethodRunner.java:46)
at org.testng.internal.TestInvoker$MethodInvocationAgent.invoke(TestInvoker.java:822)
at org.testng.internal.TestInvoker.invokeTestMethods(TestInvoker.java:147)
at org.testng.internal.TestMethodWorker.invokeTestMethods(TestMethodWorker.java:146)
at org.testng.internal.TestMethodWorker.run(TestMethodWorker.java:128)
at java.base/java.util.ArrayList.forEach(ArrayList.java:1541)
at org.testng.TestRunner.privateRun(TestRunner.java:764)
at org.testng.TestRunner.run(TestRunner.java:585)
at org.testng.SuiteRunner.runTest(SuiteRunner.java:384)
at org.testng.SuiteRunner.runSequentially(SuiteRunner.java:378)
at org.testng.SuiteRunner.privateRun(SuiteRunner.java:337)
at org.testng.SuiteRunner.run(SuiteRunner.java:286)
at org.testng.SuiteRunnerWorker.runSuite(SuiteRunnerWorker.java:53)
at org.testng.SuiteRunnerWorker.run(SuiteRunnerWorker.java:96)
at org.testng.TestNG.runSuitesSequentially(TestNG.java:1218)
at org.testng.TestNG.runSuitesLocally(TestNG.java:1140)
at org.testng.TestNG.runSuites(TestNG.java:1069)
at org.testng.TestNG.run(TestNG.java:1037)
at org.apache.maven.surefire.testng.TestNGExecutor.run(TestNGExecutor.java:283)
at org.apache.maven.surefire.testng.TestNGXmlTestSuite.execute(TestNGXmlTestSuite.java:75)
at org.apache.maven.surefire.testng.TestNGProvider.invoke(TestNGProvider.java:120)
at org.apache.maven.surefire.booter.ForkedBooter.invokeProviderInSameClassLoader(ForkedBooter.java:384)
at org.apache.maven.surefire.booter.ForkedBooter.runSuitesInProcess(ForkedBooter.java:345)
at org.apache.maven.surefire.booter.ForkedBooter.execute(ForkedBooter.java:126)
at org.apache.maven.surefire.booter.ForkedBooter.main(ForkedBooter.java:418)
]]>
            </full-stacktrace>
          </exception> <!-- org.openqa.selenium.SessionNotCreatedException -->
          <reporter-output>
          </reporter-output>
        </test-method> <!-- validateUserBeingAleToTypeOnSearchBar -->
        <test-method is-config="true" signature="afterEachTestMethod(org.testng.ITestResult)[pri:0, instance:com.niketest.HelpPageValidations@265adfad]" started-at="2020-12-05T06:54:33 PST" name="afterEachTestMethod" finished-at="1969-12-31T16:00:00 PST" duration-ms="-1607180073312" status="SKIP">
          <reporter-output>
          </reporter-output>
        </test-method> <!-- afterEachTestMethod -->
        <test-method is-config="true" signature="cleanUp()[pri:0, instance:com.niketest.HelpPageValidations@265adfad]" started-at="2020-12-05T06:54:33 PST" name="cleanUp" finished-at="1969-12-31T16:00:00 PST" duration-ms="-1607180073312" status="SKIP">
          <reporter-output>
          </reporter-output>
        </test-method> <!-- cleanUp -->
      </class> <!-- com.niketest.HelpPageValidations -->
      <class name="com.niketest.HomePageValidations">
        <test-method is-config="true" signature="extentSetup(org.testng.ITestContext)[pri:0, instance:com.niketest.HomePageValidations@7a1a14a4]" started-at="2020-12-05T06:54:19 PST" name="extentSetup" finished-at="2020-12-05T06:54:19 PST" duration-ms="122" status="PASS">
          <params>
            <param index="0">
              <value>
                <![CDATA[org.testng.TestRunner@16a9a4f1]]>
              </value>
            </param>
          </params>
          <reporter-output>
            <line>
              <![CDATA[Extent Report DirectoryC:\WebAhmed1\nike\target\surefire-reports\html]]>
            </line>
          </reporter-output>
        </test-method> <!-- extentSetup -->
        <test-method is-config="true" signature="generateReport()[pri:0, instance:com.niketest.HomePageValidations@7a1a14a4]" started-at="2020-12-05T06:54:33 PST" name="generateReport" finished-at="2020-12-05T06:54:33 PST" duration-ms="183" status="PASS">
          <reporter-output>
          </reporter-output>
        </test-method> <!-- generateReport -->
      </class> <!-- com.niketest.HomePageValidations -->
    </test> <!-- Automation tests -->
  </suite> <!-- Selenium Test Suite -->
</testng-results>
