<?xml version="1.0" encoding="UTF-8"?>
<!-- Generated by org.testng.reporters.JUnitXMLReporter -->
<testsuite ignored="28" hostname="DESKTOP-E8F4LHE" failures="0" tests="2" name="Automation tests" time="13.383" errors="0" timestamp="2020-12-05T06:54:33 PST">
  <testcase classname="com.base.TestBase" name="@BeforeMethod setupDriver" time="13.348">
    <failure type="org.openqa.selenium.SessionNotCreatedException" message="session not created
from chrome not reachable
  (Session info: chrome=86.0.4240.198)
Build info: version: &amp;apos;3.141.59&amp;apos;, revision: &amp;apos;e82be7d358&amp;apos;, time: &amp;apos;2018-11-14T08:17:03&amp;apos;
System info: host: &amp;apos;DESKTOP-E8F4LHE&amp;apos;, ip: &amp;apos;192.168.1.18&amp;apos;, os.name: &amp;apos;Windows 10&amp;apos;, os.arch: &amp;apos;amd64&amp;apos;, os.version: &amp;apos;10.0&amp;apos;, java.version: &amp;apos;11.0.8&amp;apos;
Driver info: driver.version: ChromeDriver
remote stacktrace: Backtrace:
	Ordinal0 [0x009BC013+3194899]
	Ordinal0 [0x008A6021+2056225]
	Ordinal0 [0x0073F4B0+586928]
	Ordinal0 [0x00735894+546964]
	Ordinal0 [0x00735F2C+548652]
	Ordinal0 [0x00737175+553333]
	Ordinal0 [0x0073241E+533534]
	Ordinal0 [0x00740620+591392]
	Ordinal0 [0x006E2A0C+207372]
	Ordinal0 [0x006E1D0D+204045]
	Ordinal0 [0x006DFC1B+195611]
	Ordinal0 [0x006C3B7F+80767]
	Ordinal0 [0x006C4B4E+84814]
	Ordinal0 [0x006C4AD9+84697]
	Ordinal0 [0x008BCE64+2149988]
	GetHandleVerifier [0x00B2BE95+1400773]
	GetHandleVerifier [0x00B2BB61+1399953]
	GetHandleVerifier [0x00B331FA+1430314]
	GetHandleVerifier [0x00B2C69F+1402831]
	Ordinal0 [0x008B3D61+2112865]
	Ordinal0 [0x008BE5CB+2155979]
	Ordinal0 [0x008BE6F5+2156277]
	Ordinal0 [0x008CF26E+2224750]
	BaseThreadInitThunk [0x753F6359+25]
	RtlGetAppContainerNamedObjectPath [0x778D8944+228]
	RtlGetAppContainerNamedObjectPath [0x778D8914+180]
">
      <![CDATA[org.openqa.selenium.SessionNotCreatedException: session not created
from chrome not reachable
  (Session info: chrome=86.0.4240.198)
Build info: version: '3.141.59', revision: 'e82be7d358', time: '2018-11-14T08:17:03'
System info: host: 'DESKTOP-E8F4LHE', ip: '192.168.1.18', os.name: 'Windows 10', os.arch: 'amd64', os.version: '10.0', java.version: '11.0.8'
Driver info: driver.version: ChromeDriver
remote stacktrace: Backtrace:
Ordinal0 [0x009BC013+3194899]
Ordinal0 [0x008A6021+2056225]
Ordinal0 [0x0073F4B0+586928]
Ordinal0 [0x00735894+546964]
Ordinal0 [0x00735F2C+548652]
Ordinal0 [0x00737175+553333]
Ordinal0 [0x0073241E+533534]
Ordinal0 [0x00740620+591392]
Ordinal0 [0x006E2A0C+207372]
Ordinal0 [0x006E1D0D+204045]
Ordinal0 [0x006DFC1B+195611]
Ordinal0 [0x006C3B7F+80767]
Ordinal0 [0x006C4B4E+84814]
Ordinal0 [0x006C4AD9+84697]
Ordinal0 [0x008BCE64+2149988]
GetHandleVerifier [0x00B2BE95+1400773]
GetHandleVerifier [0x00B2BB61+1399953]
GetHandleVerifier [0x00B331FA+1430314]
GetHandleVerifier [0x00B2C69F+1402831]
Ordinal0 [0x008B3D61+2112865]
Ordinal0 [0x008BE5CB+2155979]
Ordinal0 [0x008BE6F5+2156277]
Ordinal0 [0x008CF26E+2224750]
BaseThreadInitThunk [0x753F6359+25]
RtlGetAppContainerNamedObjectPath [0x778D8944+228]
RtlGetAppContainerNamedObjectPath [0x778D8914+180]

at org.openqa.selenium.remote.W3CHandshakeResponse.lambda$errorHandler$0(W3CHandshakeResponse.java:62)
at org.openqa.selenium.remote.HandshakeResponse.lambda$getResponseFunction$0(HandshakeResponse.java:30)
at org.openqa.selenium.remote.ProtocolHandshake.lambda$createSession$0(ProtocolHandshake.java:126)
at java.base/java.util.stream.ReferencePipeline$3$1.accept(ReferencePipeline.java:195)
at java.base/java.util.Spliterators$ArraySpliterator.tryAdvance(Spliterators.java:958)
at java.base/java.util.stream.ReferencePipeline.forEachWithCancel(ReferencePipeline.java:127)
at java.base/java.util.stream.AbstractPipeline.copyIntoWithCancel(AbstractPipeline.java:502)
at java.base/java.util.stream.AbstractPipeline.copyInto(AbstractPipeline.java:488)
at java.base/java.util.stream.AbstractPipeline.wrapAndCopyInto(AbstractPipeline.java:474)
at java.base/java.util.stream.FindOps$FindOp.evaluateSequential(FindOps.java:150)
at java.base/java.util.stream.AbstractPipeline.evaluate(AbstractPipeline.java:234)
at java.base/java.util.stream.ReferencePipeline.findFirst(ReferencePipeline.java:543)
at org.openqa.selenium.remote.ProtocolHandshake.createSession(ProtocolHandshake.java:128)
at org.openqa.selenium.remote.ProtocolHandshake.createSession(ProtocolHandshake.java:74)
at org.openqa.selenium.remote.HttpCommandExecutor.execute(HttpCommandExecutor.java:136)
at org.openqa.selenium.remote.service.DriverCommandExecutor.execute(DriverCommandExecutor.java:83)
at org.openqa.selenium.remote.RemoteWebDriver.execute(RemoteWebDriver.java:552)
at org.openqa.selenium.remote.RemoteWebDriver.startSession(RemoteWebDriver.java:213)
at org.openqa.selenium.remote.RemoteWebDriver.<init>(RemoteWebDriver.java:131)
at org.openqa.selenium.chrome.ChromeDriver.<init>(ChromeDriver.java:181)
at org.openqa.selenium.chrome.ChromeDriver.<init>(ChromeDriver.java:168)
at org.openqa.selenium.chrome.ChromeDriver.<init>(ChromeDriver.java:123)
at com.base.TestBase.getLocalDriver(TestBase.java:82)
at com.base.TestBase.setupDriver(TestBase.java:63)
at java.base/java.util.ArrayList.forEach(ArrayList.java:1541)
... Removed 39 stack frames]]>
    </failure>
  </testcase> <!-- @BeforeMethod setupDriver -->
  <testcase classname="com.base.TestBase" name="@BeforeMethod startExtent" time="-1.607180073308E9">
    <skipped/>
  </testcase> <!-- @BeforeMethod startExtent -->
  <testcase classname="com.base.TestBase" name="@AfterMethod afterEachTestMethod" time="-1.60718007331E9">
    <skipped/>
  </testcase> <!-- @AfterMethod afterEachTestMethod -->
  <testcase classname="com.base.TestBase" name="@AfterMethod cleanUp" time="-1.60718007331E9">
    <skipped/>
  </testcase> <!-- @AfterMethod cleanUp -->
  <testcase classname="com.base.TestBase" name="@BeforeMethod setupDriver" time="-1.607180073311E9">
    <skipped/>
  </testcase> <!-- @BeforeMethod setupDriver -->
  <testcase classname="com.base.TestBase" name="@BeforeMethod startExtent" time="-1.607180073311E9">
    <skipped/>
  </testcase> <!-- @BeforeMethod startExtent -->
  <testcase classname="com.base.TestBase" name="@AfterMethod afterEachTestMethod" time="-1.607180073312E9">
    <skipped/>
  </testcase> <!-- @AfterMethod afterEachTestMethod -->
  <testcase classname="com.base.TestBase" name="@AfterMethod cleanUp" time="-1.607180073312E9">
    <skipped/>
  </testcase> <!-- @AfterMethod cleanUp -->
  <testcase classname="com.niketest.HelpPageValidations" name="validateUserBeingAleToMoveMoseHoverToPrivacyPolicy" time="0.0">
    <skipped/>
  </testcase> <!-- validateUserBeingAleToMoveMoseHoverToPrivacyPolicy -->
  <testcase classname="com.niketest.HelpPageValidations" name="validateUserBeingAleToTypeOnSearchBar" time="0.0">
    <skipped/>
  </testcase> <!-- validateUserBeingAleToTypeOnSearchBar -->
  <testcase classname="com.niketest.HomePageValidations" name="validateUserBeingAleToPassElementToSearchBar" time="0.0">
    <ignored/>
  </testcase> <!-- validateUserBeingAleToPassElementToSearchBar -->
  <testcase classname="com.base.TestBase" name="@BeforeSuite extentSetup" time="0.0">
    <ignored/>
  </testcase> <!-- @BeforeSuite extentSetup -->
  <testcase classname="com.base.TestBase" name="@BeforeSuite extentSetup" time="0.0">
    <ignored/>
  </testcase> <!-- @BeforeSuite extentSetup -->
  <testcase classname="com.base.TestBase" name="@BeforeSuite extentSetup" time="0.0">
    <ignored/>
  </testcase> <!-- @BeforeSuite extentSetup -->
  <testcase classname="com.base.TestBase" name="@BeforeSuite extentSetup" time="0.0">
    <ignored/>
  </testcase> <!-- @BeforeSuite extentSetup -->
  <testcase classname="com.niketest.JoinPageValidations" name="fieldValidationOnJoinUsPageSofAss" time="0.0">
    <ignored/>
  </testcase> <!-- fieldValidationOnJoinUsPageSofAss -->
  <testcase classname="com.niketest.LoginPageValidations" name="fieldValidationOnLogInPageSofAss" time="0.0">
    <ignored/>
  </testcase> <!-- fieldValidationOnLogInPageSofAss -->
  <testcase classname="com.niketest.HomePageValidations" name="validateUserBeingAleToToSeeForYouandYourCrew" time="0.0">
    <ignored/>
  </testcase> <!-- validateUserBeingAleToToSeeForYouandYourCrew -->
  <testcase classname="com.niketest.HomePageValidations" name="validateUserBeingAleToClickOnJoinUsBtn" time="0.0">
    <ignored/>
  </testcase> <!-- validateUserBeingAleToClickOnJoinUsBtn -->
  <testcase classname="com.niketest.NewReleasesPageValidations" name="validateUserBeingAleToDropDownSortBy" time="0.0">
    <ignored/>
  </testcase> <!-- validateUserBeingAleToDropDownSortBy -->
  <testcase classname="com.niketest.HomePageValidations" name="validateUserBeingAleToClickOnSearchBtn" time="0.0">
    <ignored/>
  </testcase> <!-- validateUserBeingAleToClickOnSearchBtn -->
  <testcase classname="com.niketest.HomePageValidations" name="validateUserBeingAbleToSearchForAnItem" time="0.0">
    <ignored/>
  </testcase> <!-- validateUserBeingAbleToSearchForAnItem -->
  <testcase classname="com.niketest.HomePageValidations" name="validateUserCanClickOnRealeaseButton" time="0.0">
    <ignored/>
  </testcase> <!-- validateUserCanClickOnRealeaseButton -->
  <testcase classname="com.niketest.LoginPageValidations" name="validateUserBeingAleToClickOnJoinUsBtn" time="0.0">
    <ignored/>
  </testcase> <!-- validateUserBeingAleToClickOnJoinUsBtn -->
  <testcase classname="com.niketest.HomePageValidations" name="validateUserBeingAleToClickOnToHelpBtn" time="0.0">
    <ignored/>
  </testcase> <!-- validateUserBeingAleToClickOnToHelpBtn -->
  <testcase classname="com.niketest.JoinPageValidations" name="fieldValidationOnJoinUsPage" time="0.0">
    <ignored/>
  </testcase> <!-- fieldValidationOnJoinUsPage -->
  <testcase classname="com.niketest.NewReleasesPageValidations" name="validateUserBeingAleToClickOnToDropDownNewReleases" time="0.0">
    <ignored/>
  </testcase> <!-- validateUserBeingAleToClickOnToDropDownNewReleases -->
  <testcase classname="com.niketest.JoinPageValidations" name="sendDatafieldJoinUsPage" time="0.0">
    <ignored/>
  </testcase> <!-- sendDatafieldJoinUsPage -->
  <testcase classname="com.niketest.JoinPageValidations" name="validateUserBeingAleToClickOnJoinUsBtn" time="0.0">
    <ignored/>
  </testcase> <!-- validateUserBeingAleToClickOnJoinUsBtn -->
  <testcase classname="com.niketest.NewReleasesPageValidations" name="validateUserBeingAleToMoveMoseHoverToShoes" time="0.0">
    <ignored/>
  </testcase> <!-- validateUserBeingAleToMoveMoseHoverToShoes -->
  <testcase classname="com.niketest.LoginPageValidations" name="validateUserBeingAbleToLogin" time="0.0">
    <ignored/>
  </testcase> <!-- validateUserBeingAbleToLogin -->
  <testcase classname="com.niketest.JoinPageValidations" name="validateUserBeingAleToClickOnSearchBtn" time="0.0">
    <ignored/>
  </testcase> <!-- validateUserBeingAleToClickOnSearchBtn -->
  <testcase classname="com.niketest.NewReleasesPageValidations" name="validateUserBeingAleToScrollNewReleases" time="0.0">
    <ignored/>
  </testcase> <!-- validateUserBeingAleToScrollNewReleases -->
  <testcase classname="com.base.TestBase" name="@AfterSuite generateReport" time="0.0">
    <ignored/>
  </testcase> <!-- @AfterSuite generateReport -->
  <testcase classname="com.base.TestBase" name="@AfterSuite generateReport" time="0.0">
    <ignored/>
  </testcase> <!-- @AfterSuite generateReport -->
  <testcase classname="com.base.TestBase" name="@AfterSuite generateReport" time="0.0">
    <ignored/>
  </testcase> <!-- @AfterSuite generateReport -->
  <testcase classname="com.base.TestBase" name="@AfterSuite generateReport" time="0.0">
    <ignored/>
  </testcase> <!-- @AfterSuite generateReport -->
  <testcase classname="com.niketest.HelpPageValidations" name="validateUserBeingAleToClickOnToHelpBtn" time="0.0">
    <ignored/>
  </testcase> <!-- validateUserBeingAleToClickOnToHelpBtn -->
</testsuite> <!-- Automation tests -->
